ARM GAS  C:\Users\GCRIST~1\AppData\Local\Temp\cckPDFZh.s 			page 1


   1              		.syntax unified
   2              		.cpu cortex-m0plus
   3              		.fpu softvfp
   4              		.eabi_attribute 20, 1
   5              		.eabi_attribute 21, 1
   6              		.eabi_attribute 23, 3
   7              		.eabi_attribute 24, 1
   8              		.eabi_attribute 25, 1
   9              		.eabi_attribute 26, 1
  10              		.eabi_attribute 30, 1
  11              		.eabi_attribute 34, 0
  12              		.eabi_attribute 18, 4
  13              		.thumb
  14              		.syntax unified
  15              		.file	"ADC_Temp_INT.c"
  16              		.text
  17              	.Ltext0:
  18              		.cfi_sections	.debug_frame
  19              		.section	.text.ADC_Temp_ISR,"ax",%progbits
  20              		.align	2
  21              		.global	ADC_Temp_ISR
  22              		.code	16
  23              		.thumb_func
  24              		.type	ADC_Temp_ISR, %function
  25              	ADC_Temp_ISR:
  26              	.LFB1:
  27              		.file 1 "Generated_Source\\PSoC4\\ADC_Temp_INT.c"
   1:Generated_Source\PSoC4/ADC_Temp_INT.c **** /*******************************************************************************
   2:Generated_Source\PSoC4/ADC_Temp_INT.c **** * File Name: ADC_Temp_INT.c
   3:Generated_Source\PSoC4/ADC_Temp_INT.c **** * Version 3.10
   4:Generated_Source\PSoC4/ADC_Temp_INT.c **** *
   5:Generated_Source\PSoC4/ADC_Temp_INT.c **** *  Description:
   6:Generated_Source\PSoC4/ADC_Temp_INT.c **** *    This file contains the code that operates during the ADC_SAR interrupt
   7:Generated_Source\PSoC4/ADC_Temp_INT.c **** *    service routine.
   8:Generated_Source\PSoC4/ADC_Temp_INT.c **** *
   9:Generated_Source\PSoC4/ADC_Temp_INT.c **** *   Note:
  10:Generated_Source\PSoC4/ADC_Temp_INT.c **** *
  11:Generated_Source\PSoC4/ADC_Temp_INT.c **** ********************************************************************************
  12:Generated_Source\PSoC4/ADC_Temp_INT.c **** * Copyright 2015-2018, Cypress Semiconductor Corporation.  All rights reserved.
  13:Generated_Source\PSoC4/ADC_Temp_INT.c **** * You may use this file only in accordance with the license, terms, conditions,
  14:Generated_Source\PSoC4/ADC_Temp_INT.c **** * disclaimers, and limitations in the end user license agreement accompanying
  15:Generated_Source\PSoC4/ADC_Temp_INT.c **** * the software package with which this file was provided.
  16:Generated_Source\PSoC4/ADC_Temp_INT.c **** *******************************************************************************/
  17:Generated_Source\PSoC4/ADC_Temp_INT.c **** 
  18:Generated_Source\PSoC4/ADC_Temp_INT.c **** #include "ADC_Temp.h"
  19:Generated_Source\PSoC4/ADC_Temp_INT.c **** #include "cyapicallbacks.h"
  20:Generated_Source\PSoC4/ADC_Temp_INT.c **** 
  21:Generated_Source\PSoC4/ADC_Temp_INT.c **** /******************************************************************************
  22:Generated_Source\PSoC4/ADC_Temp_INT.c **** * Custom Declarations and Variables
  23:Generated_Source\PSoC4/ADC_Temp_INT.c **** * - add user include files, prototypes and variables between the following
  24:Generated_Source\PSoC4/ADC_Temp_INT.c **** *   #START and #END tags
  25:Generated_Source\PSoC4/ADC_Temp_INT.c **** ******************************************************************************/
  26:Generated_Source\PSoC4/ADC_Temp_INT.c **** /* `#START ADC_Temp_SYS_VAR`  */
  27:Generated_Source\PSoC4/ADC_Temp_INT.c **** 
  28:Generated_Source\PSoC4/ADC_Temp_INT.c **** /* `#END`  */
  29:Generated_Source\PSoC4/ADC_Temp_INT.c **** 
  30:Generated_Source\PSoC4/ADC_Temp_INT.c **** /******************************************************************************
ARM GAS  C:\Users\GCRIST~1\AppData\Local\Temp\cckPDFZh.s 			page 2


  31:Generated_Source\PSoC4/ADC_Temp_INT.c **** * Function Name: ADC_Temp_ISR
  32:Generated_Source\PSoC4/ADC_Temp_INT.c **** *******************************************************************************
  33:Generated_Source\PSoC4/ADC_Temp_INT.c **** *
  34:Generated_Source\PSoC4/ADC_Temp_INT.c **** * \brief Handle Interrupt Service Routine.
  35:Generated_Source\PSoC4/ADC_Temp_INT.c **** *
  36:Generated_Source\PSoC4/ADC_Temp_INT.c **** * \param None
  37:Generated_Source\PSoC4/ADC_Temp_INT.c **** *
  38:Generated_Source\PSoC4/ADC_Temp_INT.c **** * \return None
  39:Generated_Source\PSoC4/ADC_Temp_INT.c **** *
  40:Generated_Source\PSoC4/ADC_Temp_INT.c **** * \sideeffect None
  41:Generated_Source\PSoC4/ADC_Temp_INT.c **** *
  42:Generated_Source\PSoC4/ADC_Temp_INT.c **** ******************************************************************************/
  43:Generated_Source\PSoC4/ADC_Temp_INT.c **** CY_ISR( ADC_Temp_ISR )
  44:Generated_Source\PSoC4/ADC_Temp_INT.c **** {
  28              		.loc 1 44 0
  29              		.cfi_startproc
  30              		@ args = 0, pretend = 0, frame = 0
  31              		@ frame_needed = 0, uses_anonymous_args = 0
  32              		@ link register save eliminated.
  45:Generated_Source\PSoC4/ADC_Temp_INT.c ****     uint32 intr_status;
  46:Generated_Source\PSoC4/ADC_Temp_INT.c **** 
  47:Generated_Source\PSoC4/ADC_Temp_INT.c ****     /* Read interrupt status register */
  48:Generated_Source\PSoC4/ADC_Temp_INT.c ****     intr_status = ADC_Temp_SAR_INTR_REG;
  33              		.loc 1 48 0
  34 0000 014B     		ldr	r3, .L2
  35 0002 1A68     		ldr	r2, [r3]
  36              	.LVL0:
  49:Generated_Source\PSoC4/ADC_Temp_INT.c **** 
  50:Generated_Source\PSoC4/ADC_Temp_INT.c ****     /* ISR Macro Callback */
  51:Generated_Source\PSoC4/ADC_Temp_INT.c ****     #ifdef ADC_Temp_ISR_CALLBACK
  52:Generated_Source\PSoC4/ADC_Temp_INT.c ****         ADC_Temp_ISR_Callback();
  53:Generated_Source\PSoC4/ADC_Temp_INT.c ****     #endif
  54:Generated_Source\PSoC4/ADC_Temp_INT.c **** 
  55:Generated_Source\PSoC4/ADC_Temp_INT.c ****     /************************************************************************
  56:Generated_Source\PSoC4/ADC_Temp_INT.c ****     *  Custom Code
  57:Generated_Source\PSoC4/ADC_Temp_INT.c ****     *  - add user ISR code between the following #START and #END tags
  58:Generated_Source\PSoC4/ADC_Temp_INT.c ****     *************************************************************************/
  59:Generated_Source\PSoC4/ADC_Temp_INT.c ****     /* `#START MAIN_ADC_Temp_ISR`  */
  60:Generated_Source\PSoC4/ADC_Temp_INT.c **** 
  61:Generated_Source\PSoC4/ADC_Temp_INT.c ****     /* `#END`  */
  62:Generated_Source\PSoC4/ADC_Temp_INT.c **** 
  63:Generated_Source\PSoC4/ADC_Temp_INT.c ****     /* Clear handled interrupt */
  64:Generated_Source\PSoC4/ADC_Temp_INT.c ****     ADC_Temp_SAR_INTR_REG = intr_status;
  37              		.loc 1 64 0
  38 0004 1A60     		str	r2, [r3]
  65:Generated_Source\PSoC4/ADC_Temp_INT.c **** }
  39              		.loc 1 65 0
  40              		@ sp needed
  41 0006 7047     		bx	lr
  42              	.L3:
  43              		.align	2
  44              	.L2:
  45 0008 10023A40 		.word	1077543440
  46              		.cfi_endproc
  47              	.LFE1:
  48              		.size	ADC_Temp_ISR, .-ADC_Temp_ISR
  49              		.text
ARM GAS  C:\Users\GCRIST~1\AppData\Local\Temp\cckPDFZh.s 			page 3


  50              	.Letext0:
  51              		.file 2 "Generated_Source\\PSoC4\\cytypes.h"
  52              		.section	.debug_info,"",%progbits
  53              	.Ldebug_info0:
  54 0000 C7000000 		.4byte	0xc7
  55 0004 0400     		.2byte	0x4
  56 0006 00000000 		.4byte	.Ldebug_abbrev0
  57 000a 04       		.byte	0x4
  58 000b 01       		.uleb128 0x1
  59 000c 4E010000 		.4byte	.LASF16
  60 0010 0C       		.byte	0xc
  61 0011 E9010000 		.4byte	.LASF17
  62 0015 22000000 		.4byte	.LASF18
  63 0019 00000000 		.4byte	.Ldebug_ranges0+0
  64 001d 00000000 		.4byte	0
  65 0021 00000000 		.4byte	.Ldebug_line0
  66 0025 02       		.uleb128 0x2
  67 0026 01       		.byte	0x1
  68 0027 06       		.byte	0x6
  69 0028 2C010000 		.4byte	.LASF0
  70 002c 02       		.uleb128 0x2
  71 002d 01       		.byte	0x1
  72 002e 08       		.byte	0x8
  73 002f F6000000 		.4byte	.LASF1
  74 0033 02       		.uleb128 0x2
  75 0034 02       		.byte	0x2
  76 0035 05       		.byte	0x5
  77 0036 44010000 		.4byte	.LASF2
  78 003a 02       		.uleb128 0x2
  79 003b 02       		.byte	0x2
  80 003c 07       		.byte	0x7
  81 003d D1000000 		.4byte	.LASF3
  82 0041 02       		.uleb128 0x2
  83 0042 04       		.byte	0x4
  84 0043 05       		.byte	0x5
  85 0044 09010000 		.4byte	.LASF4
  86 0048 02       		.uleb128 0x2
  87 0049 04       		.byte	0x4
  88 004a 07       		.byte	0x7
  89 004b A8000000 		.4byte	.LASF5
  90 004f 02       		.uleb128 0x2
  91 0050 08       		.byte	0x8
  92 0051 05       		.byte	0x5
  93 0052 00000000 		.4byte	.LASF6
  94 0056 02       		.uleb128 0x2
  95 0057 08       		.byte	0x8
  96 0058 07       		.byte	0x7
  97 0059 BA000000 		.4byte	.LASF7
  98 005d 03       		.uleb128 0x3
  99 005e 04       		.byte	0x4
 100 005f 05       		.byte	0x5
 101 0060 696E7400 		.ascii	"int\000"
 102 0064 02       		.uleb128 0x2
 103 0065 04       		.byte	0x4
 104 0066 07       		.byte	0x7
 105 0067 15000000 		.4byte	.LASF8
 106 006b 04       		.uleb128 0x4
ARM GAS  C:\Users\GCRIST~1\AppData\Local\Temp\cckPDFZh.s 			page 4


 107 006c 0E000000 		.4byte	.LASF12
 108 0070 02       		.byte	0x2
 109 0071 F901     		.2byte	0x1f9
 110 0073 48000000 		.4byte	0x48
 111 0077 02       		.uleb128 0x2
 112 0078 04       		.byte	0x4
 113 0079 04       		.byte	0x4
 114 007a E4000000 		.4byte	.LASF9
 115 007e 02       		.uleb128 0x2
 116 007f 08       		.byte	0x8
 117 0080 04       		.byte	0x4
 118 0081 12010000 		.4byte	.LASF10
 119 0085 02       		.uleb128 0x2
 120 0086 01       		.byte	0x1
 121 0087 08       		.byte	0x8
 122 0088 04010000 		.4byte	.LASF11
 123 008c 04       		.uleb128 0x4
 124 008d 19010000 		.4byte	.LASF13
 125 0091 02       		.byte	0x2
 126 0092 A302     		.2byte	0x2a3
 127 0094 98000000 		.4byte	0x98
 128 0098 05       		.uleb128 0x5
 129 0099 6B000000 		.4byte	0x6b
 130 009d 02       		.uleb128 0x2
 131 009e 08       		.byte	0x8
 132 009f 04       		.byte	0x4
 133 00a0 38010000 		.4byte	.LASF14
 134 00a4 02       		.uleb128 0x2
 135 00a5 04       		.byte	0x4
 136 00a6 07       		.byte	0x7
 137 00a7 E0010000 		.4byte	.LASF15
 138 00ab 06       		.uleb128 0x6
 139 00ac 1F010000 		.4byte	.LASF19
 140 00b0 01       		.byte	0x1
 141 00b1 2B       		.byte	0x2b
 142 00b2 00000000 		.4byte	.LFB1
 143 00b6 0C000000 		.4byte	.LFE1-.LFB1
 144 00ba 01       		.uleb128 0x1
 145 00bb 9C       		.byte	0x9c
 146 00bc 07       		.uleb128 0x7
 147 00bd EA000000 		.4byte	.LASF20
 148 00c1 01       		.byte	0x1
 149 00c2 2D       		.byte	0x2d
 150 00c3 6B000000 		.4byte	0x6b
 151 00c7 01       		.uleb128 0x1
 152 00c8 52       		.byte	0x52
 153 00c9 00       		.byte	0
 154 00ca 00       		.byte	0
 155              		.section	.debug_abbrev,"",%progbits
 156              	.Ldebug_abbrev0:
 157 0000 01       		.uleb128 0x1
 158 0001 11       		.uleb128 0x11
 159 0002 01       		.byte	0x1
 160 0003 25       		.uleb128 0x25
 161 0004 0E       		.uleb128 0xe
 162 0005 13       		.uleb128 0x13
 163 0006 0B       		.uleb128 0xb
ARM GAS  C:\Users\GCRIST~1\AppData\Local\Temp\cckPDFZh.s 			page 5


 164 0007 03       		.uleb128 0x3
 165 0008 0E       		.uleb128 0xe
 166 0009 1B       		.uleb128 0x1b
 167 000a 0E       		.uleb128 0xe
 168 000b 55       		.uleb128 0x55
 169 000c 17       		.uleb128 0x17
 170 000d 11       		.uleb128 0x11
 171 000e 01       		.uleb128 0x1
 172 000f 10       		.uleb128 0x10
 173 0010 17       		.uleb128 0x17
 174 0011 00       		.byte	0
 175 0012 00       		.byte	0
 176 0013 02       		.uleb128 0x2
 177 0014 24       		.uleb128 0x24
 178 0015 00       		.byte	0
 179 0016 0B       		.uleb128 0xb
 180 0017 0B       		.uleb128 0xb
 181 0018 3E       		.uleb128 0x3e
 182 0019 0B       		.uleb128 0xb
 183 001a 03       		.uleb128 0x3
 184 001b 0E       		.uleb128 0xe
 185 001c 00       		.byte	0
 186 001d 00       		.byte	0
 187 001e 03       		.uleb128 0x3
 188 001f 24       		.uleb128 0x24
 189 0020 00       		.byte	0
 190 0021 0B       		.uleb128 0xb
 191 0022 0B       		.uleb128 0xb
 192 0023 3E       		.uleb128 0x3e
 193 0024 0B       		.uleb128 0xb
 194 0025 03       		.uleb128 0x3
 195 0026 08       		.uleb128 0x8
 196 0027 00       		.byte	0
 197 0028 00       		.byte	0
 198 0029 04       		.uleb128 0x4
 199 002a 16       		.uleb128 0x16
 200 002b 00       		.byte	0
 201 002c 03       		.uleb128 0x3
 202 002d 0E       		.uleb128 0xe
 203 002e 3A       		.uleb128 0x3a
 204 002f 0B       		.uleb128 0xb
 205 0030 3B       		.uleb128 0x3b
 206 0031 05       		.uleb128 0x5
 207 0032 49       		.uleb128 0x49
 208 0033 13       		.uleb128 0x13
 209 0034 00       		.byte	0
 210 0035 00       		.byte	0
 211 0036 05       		.uleb128 0x5
 212 0037 35       		.uleb128 0x35
 213 0038 00       		.byte	0
 214 0039 49       		.uleb128 0x49
 215 003a 13       		.uleb128 0x13
 216 003b 00       		.byte	0
 217 003c 00       		.byte	0
 218 003d 06       		.uleb128 0x6
 219 003e 2E       		.uleb128 0x2e
 220 003f 01       		.byte	0x1
ARM GAS  C:\Users\GCRIST~1\AppData\Local\Temp\cckPDFZh.s 			page 6


 221 0040 3F       		.uleb128 0x3f
 222 0041 19       		.uleb128 0x19
 223 0042 03       		.uleb128 0x3
 224 0043 0E       		.uleb128 0xe
 225 0044 3A       		.uleb128 0x3a
 226 0045 0B       		.uleb128 0xb
 227 0046 3B       		.uleb128 0x3b
 228 0047 0B       		.uleb128 0xb
 229 0048 27       		.uleb128 0x27
 230 0049 19       		.uleb128 0x19
 231 004a 11       		.uleb128 0x11
 232 004b 01       		.uleb128 0x1
 233 004c 12       		.uleb128 0x12
 234 004d 06       		.uleb128 0x6
 235 004e 40       		.uleb128 0x40
 236 004f 18       		.uleb128 0x18
 237 0050 9742     		.uleb128 0x2117
 238 0052 19       		.uleb128 0x19
 239 0053 00       		.byte	0
 240 0054 00       		.byte	0
 241 0055 07       		.uleb128 0x7
 242 0056 34       		.uleb128 0x34
 243 0057 00       		.byte	0
 244 0058 03       		.uleb128 0x3
 245 0059 0E       		.uleb128 0xe
 246 005a 3A       		.uleb128 0x3a
 247 005b 0B       		.uleb128 0xb
 248 005c 3B       		.uleb128 0x3b
 249 005d 0B       		.uleb128 0xb
 250 005e 49       		.uleb128 0x49
 251 005f 13       		.uleb128 0x13
 252 0060 02       		.uleb128 0x2
 253 0061 18       		.uleb128 0x18
 254 0062 00       		.byte	0
 255 0063 00       		.byte	0
 256 0064 00       		.byte	0
 257              		.section	.debug_aranges,"",%progbits
 258 0000 1C000000 		.4byte	0x1c
 259 0004 0200     		.2byte	0x2
 260 0006 00000000 		.4byte	.Ldebug_info0
 261 000a 04       		.byte	0x4
 262 000b 00       		.byte	0
 263 000c 0000     		.2byte	0
 264 000e 0000     		.2byte	0
 265 0010 00000000 		.4byte	.LFB1
 266 0014 0C000000 		.4byte	.LFE1-.LFB1
 267 0018 00000000 		.4byte	0
 268 001c 00000000 		.4byte	0
 269              		.section	.debug_ranges,"",%progbits
 270              	.Ldebug_ranges0:
 271 0000 00000000 		.4byte	.LFB1
 272 0004 0C000000 		.4byte	.LFE1
 273 0008 00000000 		.4byte	0
 274 000c 00000000 		.4byte	0
 275              		.section	.debug_line,"",%progbits
 276              	.Ldebug_line0:
 277 0000 63000000 		.section	.debug_str,"MS",%progbits,1
ARM GAS  C:\Users\GCRIST~1\AppData\Local\Temp\cckPDFZh.s 			page 7


 277      02004900 
 277      00000201 
 277      FB0E0D00 
 277      01010101 
 278              	.LASF6:
 279 0000 6C6F6E67 		.ascii	"long long int\000"
 279      206C6F6E 
 279      6720696E 
 279      7400
 280              	.LASF12:
 281 000e 75696E74 		.ascii	"uint32\000"
 281      333200
 282              	.LASF8:
 283 0015 756E7369 		.ascii	"unsigned int\000"
 283      676E6564 
 283      20696E74 
 283      00
 284              	.LASF18:
 285 0022 433A5C55 		.ascii	"C:\\Users\\gcristini\\OneDrive - Datalogic S.p.a\\D"
 285      73657273 
 285      5C676372 
 285      69737469 
 285      6E695C4F 
 286 0051 6174615C 		.ascii	"ata\\PhytonWorkspace\\SkorpioTemperatureTest\\PSOC-"
 286      50687974 
 286      6F6E576F 
 286      726B7370 
 286      6163655C 
 287 0081 4669726D 		.ascii	"Firmware\\SerialTemperatureSensor.cydsn\000"
 287      77617265 
 287      5C536572 
 287      69616C54 
 287      656D7065 
 288              	.LASF5:
 289 00a8 6C6F6E67 		.ascii	"long unsigned int\000"
 289      20756E73 
 289      69676E65 
 289      6420696E 
 289      7400
 290              	.LASF7:
 291 00ba 6C6F6E67 		.ascii	"long long unsigned int\000"
 291      206C6F6E 
 291      6720756E 
 291      7369676E 
 291      65642069 
 292              	.LASF3:
 293 00d1 73686F72 		.ascii	"short unsigned int\000"
 293      7420756E 
 293      7369676E 
 293      65642069 
 293      6E7400
 294              	.LASF9:
 295 00e4 666C6F61 		.ascii	"float\000"
 295      7400
 296              	.LASF20:
 297 00ea 696E7472 		.ascii	"intr_status\000"
 297      5F737461 
ARM GAS  C:\Users\GCRIST~1\AppData\Local\Temp\cckPDFZh.s 			page 8


 297      74757300 
 298              	.LASF1:
 299 00f6 756E7369 		.ascii	"unsigned char\000"
 299      676E6564 
 299      20636861 
 299      7200
 300              	.LASF11:
 301 0104 63686172 		.ascii	"char\000"
 301      00
 302              	.LASF4:
 303 0109 6C6F6E67 		.ascii	"long int\000"
 303      20696E74 
 303      00
 304              	.LASF10:
 305 0112 646F7562 		.ascii	"double\000"
 305      6C6500
 306              	.LASF13:
 307 0119 72656733 		.ascii	"reg32\000"
 307      3200
 308              	.LASF19:
 309 011f 4144435F 		.ascii	"ADC_Temp_ISR\000"
 309      54656D70 
 309      5F495352 
 309      00
 310              	.LASF0:
 311 012c 7369676E 		.ascii	"signed char\000"
 311      65642063 
 311      68617200 
 312              	.LASF14:
 313 0138 6C6F6E67 		.ascii	"long double\000"
 313      20646F75 
 313      626C6500 
 314              	.LASF2:
 315 0144 73686F72 		.ascii	"short int\000"
 315      7420696E 
 315      7400
 316              	.LASF16:
 317 014e 474E5520 		.ascii	"GNU C11 5.4.1 20160609 (release) [ARM/embedded-5-br"
 317      43313120 
 317      352E342E 
 317      31203230 
 317      31363036 
 318 0181 616E6368 		.ascii	"anch revision 237715] -mcpu=cortex-m0plus -mthumb -"
 318      20726576 
 318      6973696F 
 318      6E203233 
 318      37373135 
 319 01b4 67202D4F 		.ascii	"g -Og -ffunction-sections -ffat-lto-objects\000"
 319      67202D66 
 319      66756E63 
 319      74696F6E 
 319      2D736563 
 320              	.LASF15:
 321 01e0 73697A65 		.ascii	"sizetype\000"
 321      74797065 
 321      00
 322              	.LASF17:
ARM GAS  C:\Users\GCRIST~1\AppData\Local\Temp\cckPDFZh.s 			page 9


 323 01e9 47656E65 		.ascii	"Generated_Source\\PSoC4\\ADC_Temp_INT.c\000"
 323      72617465 
 323      645F536F 
 323      75726365 
 323      5C50536F 
 324              		.ident	"GCC: (GNU Tools for ARM Embedded Processors) 5.4.1 20160609 (release) [ARM/embedded-5-bran
