ARM GAS  C:\Users\GCRIST~1\AppData\Local\Temp\ccgnJa7a.s 			page 1


   1              		.syntax unified
   2              		.cpu cortex-m0plus
   3              		.fpu softvfp
   4              		.eabi_attribute 20, 1
   5              		.eabi_attribute 21, 1
   6              		.eabi_attribute 23, 3
   7              		.eabi_attribute 24, 1
   8              		.eabi_attribute 25, 1
   9              		.eabi_attribute 26, 1
  10              		.eabi_attribute 30, 1
  11              		.eabi_attribute 34, 0
  12              		.eabi_attribute 18, 4
  13              		.thumb
  14              		.syntax unified
  15              		.file	"cyfitter_cfg.c"
  16              		.text
  17              	.Ltext0:
  18              		.cfi_sections	.debug_frame
  19              		.section	.text.AnalogSetDefault,"ax",%progbits
  20              		.align	2
  21              		.code	16
  22              		.thumb_func
  23              		.type	AnalogSetDefault, %function
  24              	AnalogSetDefault:
  25              	.LFB5:
  26              		.file 1 "Generated_Source\\PSoC4\\cyfitter_cfg.c"
   1:Generated_Source\PSoC4/cyfitter_cfg.c **** 
   2:Generated_Source\PSoC4/cyfitter_cfg.c **** /*******************************************************************************
   3:Generated_Source\PSoC4/cyfitter_cfg.c **** * File Name: cyfitter_cfg.c
   4:Generated_Source\PSoC4/cyfitter_cfg.c **** * 
   5:Generated_Source\PSoC4/cyfitter_cfg.c **** * PSoC Creator  4.3
   6:Generated_Source\PSoC4/cyfitter_cfg.c **** *
   7:Generated_Source\PSoC4/cyfitter_cfg.c **** * Description:
   8:Generated_Source\PSoC4/cyfitter_cfg.c **** * This file contains device initialization code.
   9:Generated_Source\PSoC4/cyfitter_cfg.c **** * Except for the user defined sections in CyClockStartupError(), this file should not be modified.
  10:Generated_Source\PSoC4/cyfitter_cfg.c **** * This file is automatically generated by PSoC Creator.
  11:Generated_Source\PSoC4/cyfitter_cfg.c **** *
  12:Generated_Source\PSoC4/cyfitter_cfg.c **** ********************************************************************************
  13:Generated_Source\PSoC4/cyfitter_cfg.c **** * Copyright (c) 2007-2019 Cypress Semiconductor.  All rights reserved.
  14:Generated_Source\PSoC4/cyfitter_cfg.c **** * You may use this file only in accordance with the license, terms, conditions, 
  15:Generated_Source\PSoC4/cyfitter_cfg.c **** * disclaimers, and limitations in the end user license agreement accompanying 
  16:Generated_Source\PSoC4/cyfitter_cfg.c **** * the software package with which this file was provided.
  17:Generated_Source\PSoC4/cyfitter_cfg.c **** ********************************************************************************/
  18:Generated_Source\PSoC4/cyfitter_cfg.c **** 
  19:Generated_Source\PSoC4/cyfitter_cfg.c **** #include <string.h>
  20:Generated_Source\PSoC4/cyfitter_cfg.c **** #include "cytypes.h"
  21:Generated_Source\PSoC4/cyfitter_cfg.c **** #include "cydevice_trm.h"
  22:Generated_Source\PSoC4/cyfitter_cfg.c **** #include "cyfitter.h"
  23:Generated_Source\PSoC4/cyfitter_cfg.c **** #include "CyLib.h"
  24:Generated_Source\PSoC4/cyfitter_cfg.c **** #include "CyLFClk.h"
  25:Generated_Source\PSoC4/cyfitter_cfg.c **** #include "cyfitter_cfg.h"
  26:Generated_Source\PSoC4/cyfitter_cfg.c **** #include "cyapicallbacks.h"
  27:Generated_Source\PSoC4/cyfitter_cfg.c **** 
  28:Generated_Source\PSoC4/cyfitter_cfg.c **** 
  29:Generated_Source\PSoC4/cyfitter_cfg.c **** #if defined(__GNUC__) || defined(__ARMCC_VERSION)
  30:Generated_Source\PSoC4/cyfitter_cfg.c ****     #define CYPACKED 
  31:Generated_Source\PSoC4/cyfitter_cfg.c ****     #define CYPACKED_ATTR __attribute__ ((packed))
ARM GAS  C:\Users\GCRIST~1\AppData\Local\Temp\ccgnJa7a.s 			page 2


  32:Generated_Source\PSoC4/cyfitter_cfg.c ****     #define CYALIGNED __attribute__ ((aligned))
  33:Generated_Source\PSoC4/cyfitter_cfg.c ****     #define CY_CFG_UNUSED __attribute__ ((unused))
  34:Generated_Source\PSoC4/cyfitter_cfg.c ****     #ifndef CY_CFG_SECTION
  35:Generated_Source\PSoC4/cyfitter_cfg.c ****         #define CY_CFG_SECTION __attribute__ ((section(".psocinit")))
  36:Generated_Source\PSoC4/cyfitter_cfg.c ****     #endif
  37:Generated_Source\PSoC4/cyfitter_cfg.c ****     
  38:Generated_Source\PSoC4/cyfitter_cfg.c ****     #if defined(__ARMCC_VERSION)
  39:Generated_Source\PSoC4/cyfitter_cfg.c ****         #define CY_CFG_MEMORY_BARRIER() __memory_changed()
  40:Generated_Source\PSoC4/cyfitter_cfg.c ****     #else
  41:Generated_Source\PSoC4/cyfitter_cfg.c ****         #define CY_CFG_MEMORY_BARRIER() __sync_synchronize()
  42:Generated_Source\PSoC4/cyfitter_cfg.c ****     #endif
  43:Generated_Source\PSoC4/cyfitter_cfg.c ****     
  44:Generated_Source\PSoC4/cyfitter_cfg.c **** #elif defined(__ICCARM__)
  45:Generated_Source\PSoC4/cyfitter_cfg.c ****     #include <intrinsics.h>
  46:Generated_Source\PSoC4/cyfitter_cfg.c **** 
  47:Generated_Source\PSoC4/cyfitter_cfg.c ****     #define CYPACKED __packed
  48:Generated_Source\PSoC4/cyfitter_cfg.c ****     #define CYPACKED_ATTR 
  49:Generated_Source\PSoC4/cyfitter_cfg.c ****     #define CYALIGNED _Pragma("data_alignment=4")
  50:Generated_Source\PSoC4/cyfitter_cfg.c ****     #define CY_CFG_UNUSED _Pragma("diag_suppress=Pe177")
  51:Generated_Source\PSoC4/cyfitter_cfg.c ****     #define CY_CFG_SECTION _Pragma("location=\".psocinit\"")
  52:Generated_Source\PSoC4/cyfitter_cfg.c ****     
  53:Generated_Source\PSoC4/cyfitter_cfg.c ****     #define CY_CFG_MEMORY_BARRIER() __DMB()
  54:Generated_Source\PSoC4/cyfitter_cfg.c ****     
  55:Generated_Source\PSoC4/cyfitter_cfg.c **** #else
  56:Generated_Source\PSoC4/cyfitter_cfg.c ****     #error Unsupported toolchain
  57:Generated_Source\PSoC4/cyfitter_cfg.c **** #endif
  58:Generated_Source\PSoC4/cyfitter_cfg.c **** 
  59:Generated_Source\PSoC4/cyfitter_cfg.c **** #ifndef CYCODE
  60:Generated_Source\PSoC4/cyfitter_cfg.c ****     #define CYCODE
  61:Generated_Source\PSoC4/cyfitter_cfg.c **** #endif
  62:Generated_Source\PSoC4/cyfitter_cfg.c **** #ifndef CYDATA
  63:Generated_Source\PSoC4/cyfitter_cfg.c ****     #define CYDATA
  64:Generated_Source\PSoC4/cyfitter_cfg.c **** #endif
  65:Generated_Source\PSoC4/cyfitter_cfg.c **** #ifndef CYFAR
  66:Generated_Source\PSoC4/cyfitter_cfg.c ****     #define CYFAR
  67:Generated_Source\PSoC4/cyfitter_cfg.c **** #endif
  68:Generated_Source\PSoC4/cyfitter_cfg.c **** #ifndef CYXDATA
  69:Generated_Source\PSoC4/cyfitter_cfg.c ****     #define CYXDATA
  70:Generated_Source\PSoC4/cyfitter_cfg.c **** #endif
  71:Generated_Source\PSoC4/cyfitter_cfg.c **** 
  72:Generated_Source\PSoC4/cyfitter_cfg.c **** 
  73:Generated_Source\PSoC4/cyfitter_cfg.c **** CY_CFG_UNUSED
  74:Generated_Source\PSoC4/cyfitter_cfg.c **** static void CYMEMZERO(void *s, size_t n);
  75:Generated_Source\PSoC4/cyfitter_cfg.c **** CY_CFG_UNUSED
  76:Generated_Source\PSoC4/cyfitter_cfg.c **** static void CYMEMZERO(void *s, size_t n)
  77:Generated_Source\PSoC4/cyfitter_cfg.c **** {
  78:Generated_Source\PSoC4/cyfitter_cfg.c **** 	(void)memset(s, 0, n);
  79:Generated_Source\PSoC4/cyfitter_cfg.c **** }
  80:Generated_Source\PSoC4/cyfitter_cfg.c **** CY_CFG_UNUSED
  81:Generated_Source\PSoC4/cyfitter_cfg.c **** static void CYCONFIGCPY(void *dest, const void *src, size_t n);
  82:Generated_Source\PSoC4/cyfitter_cfg.c **** CY_CFG_UNUSED
  83:Generated_Source\PSoC4/cyfitter_cfg.c **** static void CYCONFIGCPY(void *dest, const void *src, size_t n)
  84:Generated_Source\PSoC4/cyfitter_cfg.c **** {
  85:Generated_Source\PSoC4/cyfitter_cfg.c **** 	(void)memcpy(dest, src, n);
  86:Generated_Source\PSoC4/cyfitter_cfg.c **** }
  87:Generated_Source\PSoC4/cyfitter_cfg.c **** CY_CFG_UNUSED
  88:Generated_Source\PSoC4/cyfitter_cfg.c **** static void CYCONFIGCPYCODE(void *dest, const void *src, size_t n);
ARM GAS  C:\Users\GCRIST~1\AppData\Local\Temp\ccgnJa7a.s 			page 3


  89:Generated_Source\PSoC4/cyfitter_cfg.c **** CY_CFG_UNUSED
  90:Generated_Source\PSoC4/cyfitter_cfg.c **** static void CYCONFIGCPYCODE(void *dest, const void *src, size_t n)
  91:Generated_Source\PSoC4/cyfitter_cfg.c **** {
  92:Generated_Source\PSoC4/cyfitter_cfg.c **** 	(void)memcpy(dest, src, n);
  93:Generated_Source\PSoC4/cyfitter_cfg.c **** }
  94:Generated_Source\PSoC4/cyfitter_cfg.c **** 
  95:Generated_Source\PSoC4/cyfitter_cfg.c **** 
  96:Generated_Source\PSoC4/cyfitter_cfg.c **** 
  97:Generated_Source\PSoC4/cyfitter_cfg.c **** 
  98:Generated_Source\PSoC4/cyfitter_cfg.c **** /* Clock startup error codes                                                   */
  99:Generated_Source\PSoC4/cyfitter_cfg.c **** #define CYCLOCKSTART_NO_ERROR    0u
 100:Generated_Source\PSoC4/cyfitter_cfg.c **** #define CYCLOCKSTART_XTAL_ERROR  1u
 101:Generated_Source\PSoC4/cyfitter_cfg.c **** #define CYCLOCKSTART_32KHZ_ERROR 2u
 102:Generated_Source\PSoC4/cyfitter_cfg.c **** #define CYCLOCKSTART_PLL_ERROR   3u
 103:Generated_Source\PSoC4/cyfitter_cfg.c **** #define CYCLOCKSTART_FLL_ERROR   4u
 104:Generated_Source\PSoC4/cyfitter_cfg.c **** #define CYCLOCKSTART_WCO_ERROR   5u
 105:Generated_Source\PSoC4/cyfitter_cfg.c **** 
 106:Generated_Source\PSoC4/cyfitter_cfg.c **** 
 107:Generated_Source\PSoC4/cyfitter_cfg.c **** #ifdef CY_NEED_CYCLOCKSTARTUPERROR
 108:Generated_Source\PSoC4/cyfitter_cfg.c **** /*******************************************************************************
 109:Generated_Source\PSoC4/cyfitter_cfg.c **** * Function Name: CyClockStartupError
 110:Generated_Source\PSoC4/cyfitter_cfg.c **** ********************************************************************************
 111:Generated_Source\PSoC4/cyfitter_cfg.c **** * Summary:
 112:Generated_Source\PSoC4/cyfitter_cfg.c **** *  If an error is encountered during clock configuration (crystal startup error,
 113:Generated_Source\PSoC4/cyfitter_cfg.c **** *  PLL lock error, etc.), the system will end up here.  Unless reimplemented by
 114:Generated_Source\PSoC4/cyfitter_cfg.c **** *  the customer, this function will stop in an infinite loop.
 115:Generated_Source\PSoC4/cyfitter_cfg.c **** *
 116:Generated_Source\PSoC4/cyfitter_cfg.c **** * Parameters:
 117:Generated_Source\PSoC4/cyfitter_cfg.c **** *   void
 118:Generated_Source\PSoC4/cyfitter_cfg.c **** *
 119:Generated_Source\PSoC4/cyfitter_cfg.c **** * Return:
 120:Generated_Source\PSoC4/cyfitter_cfg.c **** *   void
 121:Generated_Source\PSoC4/cyfitter_cfg.c **** *
 122:Generated_Source\PSoC4/cyfitter_cfg.c **** *******************************************************************************/
 123:Generated_Source\PSoC4/cyfitter_cfg.c **** CY_CFG_UNUSED
 124:Generated_Source\PSoC4/cyfitter_cfg.c **** static void CyClockStartupError(uint8 errorCode);
 125:Generated_Source\PSoC4/cyfitter_cfg.c **** CY_CFG_UNUSED
 126:Generated_Source\PSoC4/cyfitter_cfg.c **** static void CyClockStartupError(uint8 errorCode)
 127:Generated_Source\PSoC4/cyfitter_cfg.c **** {
 128:Generated_Source\PSoC4/cyfitter_cfg.c ****     /* To remove the compiler warning if errorCode not used.                */
 129:Generated_Source\PSoC4/cyfitter_cfg.c ****     errorCode = errorCode;
 130:Generated_Source\PSoC4/cyfitter_cfg.c **** 
 131:Generated_Source\PSoC4/cyfitter_cfg.c ****     /* If we have a clock startup error (bad MHz crystal, PLL lock, etc.),  */
 132:Generated_Source\PSoC4/cyfitter_cfg.c ****     /* we will end up here to allow the customer to implement something to  */
 133:Generated_Source\PSoC4/cyfitter_cfg.c ****     /* deal with the clock condition.                                       */
 134:Generated_Source\PSoC4/cyfitter_cfg.c **** 
 135:Generated_Source\PSoC4/cyfitter_cfg.c **** #ifdef CY_CFG_CLOCK_STARTUP_ERROR_CALLBACK
 136:Generated_Source\PSoC4/cyfitter_cfg.c ****     CY_CFG_Clock_Startup_ErrorCallback();
 137:Generated_Source\PSoC4/cyfitter_cfg.c **** #else
 138:Generated_Source\PSoC4/cyfitter_cfg.c ****     /*  If not using CY_CFG_CLOCK_STARTUP_ERROR_CALLBACK, place your clock startup code here. */
 139:Generated_Source\PSoC4/cyfitter_cfg.c ****     /* `#START CyClockStartupError` */
 140:Generated_Source\PSoC4/cyfitter_cfg.c **** 
 141:Generated_Source\PSoC4/cyfitter_cfg.c **** 
 142:Generated_Source\PSoC4/cyfitter_cfg.c **** 
 143:Generated_Source\PSoC4/cyfitter_cfg.c ****     /* `#END` */
 144:Generated_Source\PSoC4/cyfitter_cfg.c **** 
 145:Generated_Source\PSoC4/cyfitter_cfg.c ****     while(1) {}
ARM GAS  C:\Users\GCRIST~1\AppData\Local\Temp\ccgnJa7a.s 			page 4


 146:Generated_Source\PSoC4/cyfitter_cfg.c **** #endif /* CY_CFG_CLOCK_STARTUP_ERROR_CALLBACK */
 147:Generated_Source\PSoC4/cyfitter_cfg.c **** }
 148:Generated_Source\PSoC4/cyfitter_cfg.c **** #endif
 149:Generated_Source\PSoC4/cyfitter_cfg.c **** 
 150:Generated_Source\PSoC4/cyfitter_cfg.c **** 
 151:Generated_Source\PSoC4/cyfitter_cfg.c **** 
 152:Generated_Source\PSoC4/cyfitter_cfg.c **** /*******************************************************************************
 153:Generated_Source\PSoC4/cyfitter_cfg.c **** * Function Name: ClockSetup
 154:Generated_Source\PSoC4/cyfitter_cfg.c **** ********************************************************************************
 155:Generated_Source\PSoC4/cyfitter_cfg.c **** *
 156:Generated_Source\PSoC4/cyfitter_cfg.c **** * Summary:
 157:Generated_Source\PSoC4/cyfitter_cfg.c **** *   Performs the initialization of all of the clocks in the device based on the
 158:Generated_Source\PSoC4/cyfitter_cfg.c **** *   settings in the Clock tab of the DWR.  This includes enabling the requested
 159:Generated_Source\PSoC4/cyfitter_cfg.c **** *   clocks and setting the necessary dividers to produce the desired frequency. 
 160:Generated_Source\PSoC4/cyfitter_cfg.c **** *
 161:Generated_Source\PSoC4/cyfitter_cfg.c **** * Parameters:
 162:Generated_Source\PSoC4/cyfitter_cfg.c **** *   void
 163:Generated_Source\PSoC4/cyfitter_cfg.c **** *
 164:Generated_Source\PSoC4/cyfitter_cfg.c **** * Return:
 165:Generated_Source\PSoC4/cyfitter_cfg.c **** *   void
 166:Generated_Source\PSoC4/cyfitter_cfg.c **** *
 167:Generated_Source\PSoC4/cyfitter_cfg.c **** *******************************************************************************/
 168:Generated_Source\PSoC4/cyfitter_cfg.c **** static void ClockSetup(void);
 169:Generated_Source\PSoC4/cyfitter_cfg.c **** CY_CFG_SECTION
 170:Generated_Source\PSoC4/cyfitter_cfg.c **** static void ClockSetup(void)
 171:Generated_Source\PSoC4/cyfitter_cfg.c **** {
 172:Generated_Source\PSoC4/cyfitter_cfg.c **** 
 173:Generated_Source\PSoC4/cyfitter_cfg.c **** 	/* Set Flash Cycles based on max possible frequency in case a glitch occurs during ClockSetup(). *
 174:Generated_Source\PSoC4/cyfitter_cfg.c **** 	CY_SET_REG32((void CYXDATA *)(CYREG_CPUSS_FLASH_CTL), (0x0012u));
 175:Generated_Source\PSoC4/cyfitter_cfg.c **** 	/* Update IMO to new clock speed. */
 176:Generated_Source\PSoC4/cyfitter_cfg.c **** 	CySysClkWriteImoFreq(24u);
 177:Generated_Source\PSoC4/cyfitter_cfg.c **** 
 178:Generated_Source\PSoC4/cyfitter_cfg.c **** 	/* Setup phase aligned clocks */
 179:Generated_Source\PSoC4/cyfitter_cfg.c **** 	CY_SET_REG32((void *)CYREG_PERI_DIV_16_CTL0, 0x00001000u);
 180:Generated_Source\PSoC4/cyfitter_cfg.c **** 	CY_SET_REG32((void *)CYREG_PERI_DIV_CMD, 0x8000FF40u);
 181:Generated_Source\PSoC4/cyfitter_cfg.c **** 
 182:Generated_Source\PSoC4/cyfitter_cfg.c **** 	/* CYDEV_CLK_SELECT Starting address: CYDEV_CLK_SELECT */
 183:Generated_Source\PSoC4/cyfitter_cfg.c **** 	CY_SET_REG32((void *)(CYREG_CLK_SELECT), 0x00000000u);
 184:Generated_Source\PSoC4/cyfitter_cfg.c **** 
 185:Generated_Source\PSoC4/cyfitter_cfg.c **** 	/* CYDEV_PERI_PCLK_CTL1 Starting address: CYDEV_PERI_PCLK_CTL1 */
 186:Generated_Source\PSoC4/cyfitter_cfg.c **** 	CY_SET_REG32((void *)(CYREG_PERI_PCLK_CTL1), 0x00000040u);
 187:Generated_Source\PSoC4/cyfitter_cfg.c **** 
 188:Generated_Source\PSoC4/cyfitter_cfg.c **** 	(void)CyIntSetVector(11u, &CySysTimerIsr);
 189:Generated_Source\PSoC4/cyfitter_cfg.c **** 	CyIntEnable(11u);
 190:Generated_Source\PSoC4/cyfitter_cfg.c **** 	CY_SET_REG32((void *)(CYREG_WCO_WDT_CONFIG), 0x00000000u);
 191:Generated_Source\PSoC4/cyfitter_cfg.c **** 	CySysClkSetTimerSource(CY_SYS_CLK_TIMER_SRC_ILO);
 192:Generated_Source\PSoC4/cyfitter_cfg.c **** 	/* Set Flash Cycles based on newly configured 24.00MHz HFCLK. */
 193:Generated_Source\PSoC4/cyfitter_cfg.c **** 	CY_SET_REG32((void CYXDATA *)(CYREG_CPUSS_FLASH_CTL), (0x0011u));
 194:Generated_Source\PSoC4/cyfitter_cfg.c **** }
 195:Generated_Source\PSoC4/cyfitter_cfg.c **** 
 196:Generated_Source\PSoC4/cyfitter_cfg.c **** 
 197:Generated_Source\PSoC4/cyfitter_cfg.c **** /* Analog API Functions */
 198:Generated_Source\PSoC4/cyfitter_cfg.c **** 
 199:Generated_Source\PSoC4/cyfitter_cfg.c **** 
 200:Generated_Source\PSoC4/cyfitter_cfg.c **** /*******************************************************************************
 201:Generated_Source\PSoC4/cyfitter_cfg.c **** * Function Name: AnalogSetDefault
 202:Generated_Source\PSoC4/cyfitter_cfg.c **** ********************************************************************************
ARM GAS  C:\Users\GCRIST~1\AppData\Local\Temp\ccgnJa7a.s 			page 5


 203:Generated_Source\PSoC4/cyfitter_cfg.c **** *
 204:Generated_Source\PSoC4/cyfitter_cfg.c **** * Summary:
 205:Generated_Source\PSoC4/cyfitter_cfg.c **** *  Sets up the analog portions of the chip to default values based on chip
 206:Generated_Source\PSoC4/cyfitter_cfg.c **** *  configuration options from the project.
 207:Generated_Source\PSoC4/cyfitter_cfg.c **** *
 208:Generated_Source\PSoC4/cyfitter_cfg.c **** * Parameters:
 209:Generated_Source\PSoC4/cyfitter_cfg.c **** *  void
 210:Generated_Source\PSoC4/cyfitter_cfg.c **** *
 211:Generated_Source\PSoC4/cyfitter_cfg.c **** * Return:
 212:Generated_Source\PSoC4/cyfitter_cfg.c **** *  void
 213:Generated_Source\PSoC4/cyfitter_cfg.c **** *
 214:Generated_Source\PSoC4/cyfitter_cfg.c **** *******************************************************************************/
 215:Generated_Source\PSoC4/cyfitter_cfg.c **** static void AnalogSetDefault(void);
 216:Generated_Source\PSoC4/cyfitter_cfg.c **** static void AnalogSetDefault(void)
 217:Generated_Source\PSoC4/cyfitter_cfg.c **** {
  27              		.loc 1 217 0
  28              		.cfi_startproc
  29              		@ args = 0, pretend = 0, frame = 0
  30              		@ frame_needed = 0, uses_anonymous_args = 0
  31              		@ link register save eliminated.
 218:Generated_Source\PSoC4/cyfitter_cfg.c **** 	CY_SET_XTND_REG32((void CYFAR *)CYREG_PASS_PASS_CTRL, 0x00000003u);
  32              		.loc 1 218 0
  33 0000 0322     		movs	r2, #3
  34 0002 034B     		ldr	r3, .L2
  35 0004 1A60     		str	r2, [r3]
 219:Generated_Source\PSoC4/cyfitter_cfg.c **** 	CY_SET_XTND_REG32((void CYFAR *)CYREG_PASS_DSAB_DSAB_CTRL, 0x00000020u);
  36              		.loc 1 219 0
  37 0006 1D32     		adds	r2, r2, #29
  38 0008 024B     		ldr	r3, .L2+4
  39 000a 1A60     		str	r2, [r3]
 220:Generated_Source\PSoC4/cyfitter_cfg.c **** }
  40              		.loc 1 220 0
  41              		@ sp needed
  42 000c 7047     		bx	lr
  43              	.L3:
  44 000e C046     		.align	2
  45              	.L2:
  46 0010 08013F40 		.word	1077870856
  47 0014 000E3F40 		.word	1077874176
  48              		.cfi_endproc
  49              	.LFE5:
  50              		.size	AnalogSetDefault, .-AnalogSetDefault
  51              		.section	.psocinit,"ax",%progbits
  52              		.align	2
  53              		.code	16
  54              		.thumb_func
  55              		.type	ClockSetup, %function
  56              	ClockSetup:
  57              	.LFB4:
 171:Generated_Source\PSoC4/cyfitter_cfg.c **** 
  58              		.loc 1 171 0
  59              		.cfi_startproc
  60              		@ args = 0, pretend = 0, frame = 0
  61              		@ frame_needed = 0, uses_anonymous_args = 0
  62 0000 70B5     		push	{r4, r5, r6, lr}
  63              		.cfi_def_cfa_offset 16
  64              		.cfi_offset 4, -16
ARM GAS  C:\Users\GCRIST~1\AppData\Local\Temp\ccgnJa7a.s 			page 6


  65              		.cfi_offset 5, -12
  66              		.cfi_offset 6, -8
  67              		.cfi_offset 14, -4
 174:Generated_Source\PSoC4/cyfitter_cfg.c **** 	/* Update IMO to new clock speed. */
  68              		.loc 1 174 0
  69 0002 114C     		ldr	r4, .L5
  70 0004 1223     		movs	r3, #18
  71 0006 2360     		str	r3, [r4]
 176:Generated_Source\PSoC4/cyfitter_cfg.c **** 
  72              		.loc 1 176 0
  73 0008 1820     		movs	r0, #24
  74 000a FFF7FEFF 		bl	CySysClkWriteImoFreq
  75              	.LVL0:
 179:Generated_Source\PSoC4/cyfitter_cfg.c **** 	CY_SET_REG32((void *)CYREG_PERI_DIV_CMD, 0x8000FF40u);
  76              		.loc 1 179 0
  77 000e 8022     		movs	r2, #128
  78 0010 5201     		lsls	r2, r2, #5
  79 0012 0E4B     		ldr	r3, .L5+4
  80 0014 1A60     		str	r2, [r3]
 180:Generated_Source\PSoC4/cyfitter_cfg.c **** 
  81              		.loc 1 180 0
  82 0016 0E4A     		ldr	r2, .L5+8
  83 0018 8023     		movs	r3, #128
  84 001a DB05     		lsls	r3, r3, #23
  85 001c 1A60     		str	r2, [r3]
 183:Generated_Source\PSoC4/cyfitter_cfg.c **** 
  86              		.loc 1 183 0
  87 001e 0025     		movs	r5, #0
  88 0020 0C4B     		ldr	r3, .L5+12
  89 0022 1D60     		str	r5, [r3]
 186:Generated_Source\PSoC4/cyfitter_cfg.c **** 
  90              		.loc 1 186 0
  91 0024 4022     		movs	r2, #64
  92 0026 0C4B     		ldr	r3, .L5+16
  93 0028 1A60     		str	r2, [r3]
 188:Generated_Source\PSoC4/cyfitter_cfg.c **** 	CyIntEnable(11u);
  94              		.loc 1 188 0
  95 002a 0C49     		ldr	r1, .L5+20
  96 002c 0B20     		movs	r0, #11
  97 002e FFF7FEFF 		bl	CyIntSetVector
  98              	.LVL1:
 189:Generated_Source\PSoC4/cyfitter_cfg.c **** 	CY_SET_REG32((void *)(CYREG_WCO_WDT_CONFIG), 0x00000000u);
  99              		.loc 1 189 0
 100 0032 0B20     		movs	r0, #11
 101 0034 FFF7FEFF 		bl	CyIntEnable
 102              	.LVL2:
 190:Generated_Source\PSoC4/cyfitter_cfg.c **** 	CySysClkSetTimerSource(CY_SYS_CLK_TIMER_SRC_ILO);
 103              		.loc 1 190 0
 104 0038 094B     		ldr	r3, .L5+24
 105 003a 1D60     		str	r5, [r3]
 191:Generated_Source\PSoC4/cyfitter_cfg.c **** 	/* Set Flash Cycles based on newly configured 24.00MHz HFCLK. */
 106              		.loc 1 191 0
 107 003c 0020     		movs	r0, #0
 108 003e FFF7FEFF 		bl	CySysClkSetTimerSource
 109              	.LVL3:
 193:Generated_Source\PSoC4/cyfitter_cfg.c **** }
 110              		.loc 1 193 0
ARM GAS  C:\Users\GCRIST~1\AppData\Local\Temp\ccgnJa7a.s 			page 7


 111 0042 1123     		movs	r3, #17
 112 0044 2360     		str	r3, [r4]
 194:Generated_Source\PSoC4/cyfitter_cfg.c **** 
 113              		.loc 1 194 0
 114              		@ sp needed
 115 0046 70BD     		pop	{r4, r5, r6, pc}
 116              	.L6:
 117              		.align	2
 118              	.L5:
 119 0048 30001040 		.word	1074790448
 120 004c 00030040 		.word	1073742592
 121 0050 40FF0080 		.word	-2147418304
 122 0054 28000340 		.word	1073938472
 123 0058 04010040 		.word	1073742084
 124 005c 00000000 		.word	CySysTimerIsr
 125 0060 0C020640 		.word	1074135564
 126              		.cfi_endproc
 127              	.LFE4:
 128              		.size	ClockSetup, .-ClockSetup
 129              		.align	2
 130              		.global	cyfitter_cfg
 131              		.code	16
 132              		.thumb_func
 133              		.type	cyfitter_cfg, %function
 134              	cyfitter_cfg:
 135              	.LFB6:
 221:Generated_Source\PSoC4/cyfitter_cfg.c **** 
 222:Generated_Source\PSoC4/cyfitter_cfg.c **** 
 223:Generated_Source\PSoC4/cyfitter_cfg.c **** 
 224:Generated_Source\PSoC4/cyfitter_cfg.c **** 
 225:Generated_Source\PSoC4/cyfitter_cfg.c **** /*******************************************************************************
 226:Generated_Source\PSoC4/cyfitter_cfg.c **** * Function Name: cyfitter_cfg
 227:Generated_Source\PSoC4/cyfitter_cfg.c **** ********************************************************************************
 228:Generated_Source\PSoC4/cyfitter_cfg.c **** * Summary:
 229:Generated_Source\PSoC4/cyfitter_cfg.c **** *  This function is called by the start-up code for the selected device. It
 230:Generated_Source\PSoC4/cyfitter_cfg.c **** *  performs all of the necessary device configuration based on the design
 231:Generated_Source\PSoC4/cyfitter_cfg.c **** *  settings.  This includes settings from the Design Wide Resources (DWR) such
 232:Generated_Source\PSoC4/cyfitter_cfg.c **** *  as Clocks and Pins as well as any component configuration that is necessary.
 233:Generated_Source\PSoC4/cyfitter_cfg.c **** *
 234:Generated_Source\PSoC4/cyfitter_cfg.c **** * Parameters:
 235:Generated_Source\PSoC4/cyfitter_cfg.c **** *   void
 236:Generated_Source\PSoC4/cyfitter_cfg.c **** *
 237:Generated_Source\PSoC4/cyfitter_cfg.c **** * Return:
 238:Generated_Source\PSoC4/cyfitter_cfg.c **** *   void
 239:Generated_Source\PSoC4/cyfitter_cfg.c **** *
 240:Generated_Source\PSoC4/cyfitter_cfg.c **** *******************************************************************************/
 241:Generated_Source\PSoC4/cyfitter_cfg.c **** CY_CFG_SECTION
 242:Generated_Source\PSoC4/cyfitter_cfg.c **** void cyfitter_cfg(void)
 243:Generated_Source\PSoC4/cyfitter_cfg.c **** {
 136              		.loc 1 243 0
 137              		.cfi_startproc
 138              		@ args = 0, pretend = 0, frame = 0
 139              		@ frame_needed = 0, uses_anonymous_args = 0
 140 0064 10B5     		push	{r4, lr}
 141              		.cfi_def_cfa_offset 8
 142              		.cfi_offset 4, -8
 143              		.cfi_offset 14, -4
ARM GAS  C:\Users\GCRIST~1\AppData\Local\Temp\ccgnJa7a.s 			page 8


 244:Generated_Source\PSoC4/cyfitter_cfg.c **** 	/* Disable interrupts by default. Let user enable if/when they want. */
 245:Generated_Source\PSoC4/cyfitter_cfg.c **** 	CyGlobalIntDisable;
 144              		.loc 1 245 0
 145              		.syntax divided
 146              	@ 245 "Generated_Source\PSoC4\cyfitter_cfg.c" 1
 147 0066 72B6     		CPSID   i
 148              	@ 0 "" 2
 246:Generated_Source\PSoC4/cyfitter_cfg.c **** 
 247:Generated_Source\PSoC4/cyfitter_cfg.c **** 	{
 248:Generated_Source\PSoC4/cyfitter_cfg.c **** 		/* HSIOM Starting address: CYDEV_HSIOM_BASE */
 249:Generated_Source\PSoC4/cyfitter_cfg.c **** 		CY_SET_REG32((void *)(CYDEV_HSIOM_BASE), 0x009900EEu);
 149              		.loc 1 249 0
 150              		.thumb
 151              		.syntax unified
 152 0068 094A     		ldr	r2, .L8
 153 006a 0A4B     		ldr	r3, .L8+4
 154 006c 1A60     		str	r2, [r3]
 250:Generated_Source\PSoC4/cyfitter_cfg.c **** 
 251:Generated_Source\PSoC4/cyfitter_cfg.c **** 		/* PASS_SAR_TRIG_SEL Starting address: CYDEV_PASS_SAR_TRIG_SEL */
 252:Generated_Source\PSoC4/cyfitter_cfg.c **** 		CY_SET_REG32((void *)(CYREG_PASS_SAR_TRIG_SEL), 0x00000000u);
 155              		.loc 1 252 0
 156 006e 0022     		movs	r2, #0
 157 0070 094B     		ldr	r3, .L8+8
 158 0072 1A60     		str	r2, [r3]
 253:Generated_Source\PSoC4/cyfitter_cfg.c **** 
 254:Generated_Source\PSoC4/cyfitter_cfg.c **** 	}
 255:Generated_Source\PSoC4/cyfitter_cfg.c **** 
 256:Generated_Source\PSoC4/cyfitter_cfg.c **** 	/* Perform second pass device configuration. These items must be configured in specific order afte
 257:Generated_Source\PSoC4/cyfitter_cfg.c **** 	/* IOPINS0_0 Starting address: CYDEV_GPIO_PRT0_BASE */
 258:Generated_Source\PSoC4/cyfitter_cfg.c **** 	CY_SET_REG32((void *)(CYDEV_GPIO_PRT0_BASE), 0x00000020u);
 159              		.loc 1 258 0
 160 0074 2023     		movs	r3, #32
 161 0076 094A     		ldr	r2, .L8+12
 162 0078 1360     		str	r3, [r2]
 259:Generated_Source\PSoC4/cyfitter_cfg.c **** 	CY_SET_REG32((void *)(CYREG_GPIO_PRT0_PC), 0x00031036u);
 163              		.loc 1 259 0
 164 007a 0949     		ldr	r1, .L8+16
 165 007c 094A     		ldr	r2, .L8+20
 166 007e 1160     		str	r1, [r2]
 260:Generated_Source\PSoC4/cyfitter_cfg.c **** 	CY_SET_REG32((void *)(CYREG_GPIO_PRT0_PC2), 0x00000020u);
 167              		.loc 1 260 0
 168 0080 094A     		ldr	r2, .L8+24
 169 0082 1360     		str	r3, [r2]
 261:Generated_Source\PSoC4/cyfitter_cfg.c **** 
 262:Generated_Source\PSoC4/cyfitter_cfg.c **** 
 263:Generated_Source\PSoC4/cyfitter_cfg.c **** 	/* Setup clocks based on selections from Clock DWR */
 264:Generated_Source\PSoC4/cyfitter_cfg.c **** 	ClockSetup();
 170              		.loc 1 264 0
 171 0084 FFF7BCFF 		bl	ClockSetup
 172              	.LVL4:
 265:Generated_Source\PSoC4/cyfitter_cfg.c **** 
 266:Generated_Source\PSoC4/cyfitter_cfg.c **** 	/* Perform basic analog initialization to defaults */
 267:Generated_Source\PSoC4/cyfitter_cfg.c **** 	AnalogSetDefault();
 173              		.loc 1 267 0
 174 0088 FFF7FEFF 		bl	AnalogSetDefault
 175              	.LVL5:
 268:Generated_Source\PSoC4/cyfitter_cfg.c **** 
ARM GAS  C:\Users\GCRIST~1\AppData\Local\Temp\ccgnJa7a.s 			page 9


 269:Generated_Source\PSoC4/cyfitter_cfg.c **** }
 176              		.loc 1 269 0
 177              		@ sp needed
 178 008c 10BD     		pop	{r4, pc}
 179              	.L9:
 180 008e C046     		.align	2
 181              	.L8:
 182 0090 EE009900 		.word	10027246
 183 0094 00000240 		.word	1073872896
 184 0098 04013F40 		.word	1077870852
 185 009c 00000440 		.word	1074003968
 186 00a0 36100300 		.word	200758
 187 00a4 08000440 		.word	1074003976
 188 00a8 18000440 		.word	1074003992
 189              		.cfi_endproc
 190              	.LFE6:
 191              		.size	cyfitter_cfg, .-cyfitter_cfg
 192              		.text
 193              	.Letext0:
 194              		.file 2 "Generated_Source\\PSoC4\\cytypes.h"
 195              		.file 3 "Generated_Source\\PSoC4\\CyLib.h"
 196              		.file 4 "Generated_Source\\PSoC4\\CyLFClk.h"
 197              		.section	.debug_info,"",%progbits
 198              	.Ldebug_info0:
 199 0000 6C010000 		.4byte	0x16c
 200 0004 0400     		.2byte	0x4
 201 0006 00000000 		.4byte	.Ldebug_abbrev0
 202 000a 04       		.byte	0x4
 203 000b 01       		.uleb128 0x1
 204 000c B4010000 		.4byte	.LASF20
 205 0010 0C       		.byte	0xc
 206 0011 15000000 		.4byte	.LASF21
 207 0015 A7000000 		.4byte	.LASF22
 208 0019 00000000 		.4byte	.Ldebug_ranges0+0
 209 001d 00000000 		.4byte	0
 210 0021 00000000 		.4byte	.Ldebug_line0
 211 0025 02       		.uleb128 0x2
 212 0026 04       		.byte	0x4
 213 0027 05       		.byte	0x5
 214 0028 696E7400 		.ascii	"int\000"
 215 002c 03       		.uleb128 0x3
 216 002d 04       		.byte	0x4
 217 002e 07       		.byte	0x7
 218 002f 3B000000 		.4byte	.LASF0
 219 0033 03       		.uleb128 0x3
 220 0034 08       		.byte	0x8
 221 0035 05       		.byte	0x5
 222 0036 00000000 		.4byte	.LASF1
 223 003a 03       		.uleb128 0x3
 224 003b 08       		.byte	0x8
 225 003c 04       		.byte	0x4
 226 003d 9E010000 		.4byte	.LASF2
 227 0041 03       		.uleb128 0x3
 228 0042 01       		.byte	0x1
 229 0043 06       		.byte	0x6
 230 0044 86010000 		.4byte	.LASF3
 231 0048 03       		.uleb128 0x3
ARM GAS  C:\Users\GCRIST~1\AppData\Local\Temp\ccgnJa7a.s 			page 10


 232 0049 01       		.byte	0x1
 233 004a 08       		.byte	0x8
 234 004b 48000000 		.4byte	.LASF4
 235 004f 03       		.uleb128 0x3
 236 0050 02       		.byte	0x2
 237 0051 05       		.byte	0x5
 238 0052 AA010000 		.4byte	.LASF5
 239 0056 03       		.uleb128 0x3
 240 0057 02       		.byte	0x2
 241 0058 07       		.byte	0x7
 242 0059 73010000 		.4byte	.LASF6
 243 005d 03       		.uleb128 0x3
 244 005e 04       		.byte	0x4
 245 005f 05       		.byte	0x5
 246 0060 2A010000 		.4byte	.LASF7
 247 0064 03       		.uleb128 0x3
 248 0065 04       		.byte	0x4
 249 0066 07       		.byte	0x7
 250 0067 6B000000 		.4byte	.LASF8
 251 006b 03       		.uleb128 0x3
 252 006c 08       		.byte	0x8
 253 006d 07       		.byte	0x7
 254 006e 8A000000 		.4byte	.LASF9
 255 0072 03       		.uleb128 0x3
 256 0073 04       		.byte	0x4
 257 0074 07       		.byte	0x7
 258 0075 46020000 		.4byte	.LASF10
 259 0079 03       		.uleb128 0x3
 260 007a 01       		.byte	0x1
 261 007b 08       		.byte	0x8
 262 007c 25010000 		.4byte	.LASF11
 263 0080 04       		.uleb128 0x4
 264 0081 0E000000 		.4byte	.LASF14
 265 0085 02       		.byte	0x2
 266 0086 F901     		.2byte	0x1f9
 267 0088 64000000 		.4byte	0x64
 268 008c 03       		.uleb128 0x3
 269 008d 04       		.byte	0x4
 270 008e 04       		.byte	0x4
 271 008f A1000000 		.4byte	.LASF12
 272 0093 03       		.uleb128 0x3
 273 0094 08       		.byte	0x8
 274 0095 04       		.byte	0x4
 275 0096 66010000 		.4byte	.LASF13
 276 009a 04       		.uleb128 0x4
 277 009b 6D010000 		.4byte	.LASF15
 278 009f 02       		.byte	0x2
 279 00a0 A302     		.2byte	0x2a3
 280 00a2 A6000000 		.4byte	0xa6
 281 00a6 05       		.uleb128 0x5
 282 00a7 80000000 		.4byte	0x80
 283 00ab 06       		.uleb128 0x6
 284 00ac 33010000 		.4byte	.LASF23
 285 00b0 01       		.byte	0x1
 286 00b1 D8       		.byte	0xd8
 287 00b2 00000000 		.4byte	.LFB5
 288 00b6 18000000 		.4byte	.LFE5-.LFB5
ARM GAS  C:\Users\GCRIST~1\AppData\Local\Temp\ccgnJa7a.s 			page 11


 289 00ba 01       		.uleb128 0x1
 290 00bb 9C       		.byte	0x9c
 291 00bc 07       		.uleb128 0x7
 292 00bd 44010000 		.4byte	.LASF24
 293 00c1 01       		.byte	0x1
 294 00c2 AA       		.byte	0xaa
 295 00c3 00000000 		.4byte	.LFB4
 296 00c7 64000000 		.4byte	.LFE4-.LFB4
 297 00cb 01       		.uleb128 0x1
 298 00cc 9C       		.byte	0x9c
 299 00cd 1B010000 		.4byte	0x11b
 300 00d1 08       		.uleb128 0x8
 301 00d2 0E000000 		.4byte	.LVL0
 302 00d6 43010000 		.4byte	0x143
 303 00da E4000000 		.4byte	0xe4
 304 00de 09       		.uleb128 0x9
 305 00df 01       		.uleb128 0x1
 306 00e0 50       		.byte	0x50
 307 00e1 01       		.uleb128 0x1
 308 00e2 48       		.byte	0x48
 309 00e3 00       		.byte	0
 310 00e4 08       		.uleb128 0x8
 311 00e5 32000000 		.4byte	.LVL1
 312 00e9 4E010000 		.4byte	0x14e
 313 00ed F7000000 		.4byte	0xf7
 314 00f1 09       		.uleb128 0x9
 315 00f2 01       		.uleb128 0x1
 316 00f3 50       		.byte	0x50
 317 00f4 01       		.uleb128 0x1
 318 00f5 3B       		.byte	0x3b
 319 00f6 00       		.byte	0
 320 00f7 08       		.uleb128 0x8
 321 00f8 38000000 		.4byte	.LVL2
 322 00fc 59010000 		.4byte	0x159
 323 0100 0A010000 		.4byte	0x10a
 324 0104 09       		.uleb128 0x9
 325 0105 01       		.uleb128 0x1
 326 0106 50       		.byte	0x50
 327 0107 01       		.uleb128 0x1
 328 0108 3B       		.byte	0x3b
 329 0109 00       		.byte	0
 330 010a 0A       		.uleb128 0xa
 331 010b 42000000 		.4byte	.LVL3
 332 010f 64010000 		.4byte	0x164
 333 0113 09       		.uleb128 0x9
 334 0114 01       		.uleb128 0x1
 335 0115 50       		.byte	0x50
 336 0116 02       		.uleb128 0x2
 337 0117 75       		.byte	0x75
 338 0118 00       		.sleb128 0
 339 0119 00       		.byte	0
 340 011a 00       		.byte	0
 341 011b 0B       		.uleb128 0xb
 342 011c 7D000000 		.4byte	.LASF25
 343 0120 01       		.byte	0x1
 344 0121 F2       		.byte	0xf2
 345 0122 64000000 		.4byte	.LFB6
ARM GAS  C:\Users\GCRIST~1\AppData\Local\Temp\ccgnJa7a.s 			page 12


 346 0126 48000000 		.4byte	.LFE6-.LFB6
 347 012a 01       		.uleb128 0x1
 348 012b 9C       		.byte	0x9c
 349 012c 43010000 		.4byte	0x143
 350 0130 0C       		.uleb128 0xc
 351 0131 88000000 		.4byte	.LVL4
 352 0135 BC000000 		.4byte	0xbc
 353 0139 0C       		.uleb128 0xc
 354 013a 8C000000 		.4byte	.LVL5
 355 013e AB000000 		.4byte	0xab
 356 0142 00       		.byte	0
 357 0143 0D       		.uleb128 0xd
 358 0144 56000000 		.4byte	.LASF16
 359 0148 56000000 		.4byte	.LASF16
 360 014c 03       		.byte	0x3
 361 014d 6C       		.byte	0x6c
 362 014e 0D       		.uleb128 0xd
 363 014f 16010000 		.4byte	.LASF17
 364 0153 16010000 		.4byte	.LASF17
 365 0157 03       		.byte	0x3
 366 0158 D0       		.byte	0xd0
 367 0159 0D       		.uleb128 0xd
 368 015a 92010000 		.4byte	.LASF18
 369 015e 92010000 		.4byte	.LASF18
 370 0162 03       		.byte	0x3
 371 0163 D6       		.byte	0xd6
 372 0164 0D       		.uleb128 0xd
 373 0165 4F010000 		.4byte	.LASF19
 374 0169 4F010000 		.4byte	.LASF19
 375 016d 04       		.byte	0x4
 376 016e 9F       		.byte	0x9f
 377 016f 00       		.byte	0
 378              		.section	.debug_abbrev,"",%progbits
 379              	.Ldebug_abbrev0:
 380 0000 01       		.uleb128 0x1
 381 0001 11       		.uleb128 0x11
 382 0002 01       		.byte	0x1
 383 0003 25       		.uleb128 0x25
 384 0004 0E       		.uleb128 0xe
 385 0005 13       		.uleb128 0x13
 386 0006 0B       		.uleb128 0xb
 387 0007 03       		.uleb128 0x3
 388 0008 0E       		.uleb128 0xe
 389 0009 1B       		.uleb128 0x1b
 390 000a 0E       		.uleb128 0xe
 391 000b 55       		.uleb128 0x55
 392 000c 17       		.uleb128 0x17
 393 000d 11       		.uleb128 0x11
 394 000e 01       		.uleb128 0x1
 395 000f 10       		.uleb128 0x10
 396 0010 17       		.uleb128 0x17
 397 0011 00       		.byte	0
 398 0012 00       		.byte	0
 399 0013 02       		.uleb128 0x2
 400 0014 24       		.uleb128 0x24
 401 0015 00       		.byte	0
 402 0016 0B       		.uleb128 0xb
ARM GAS  C:\Users\GCRIST~1\AppData\Local\Temp\ccgnJa7a.s 			page 13


 403 0017 0B       		.uleb128 0xb
 404 0018 3E       		.uleb128 0x3e
 405 0019 0B       		.uleb128 0xb
 406 001a 03       		.uleb128 0x3
 407 001b 08       		.uleb128 0x8
 408 001c 00       		.byte	0
 409 001d 00       		.byte	0
 410 001e 03       		.uleb128 0x3
 411 001f 24       		.uleb128 0x24
 412 0020 00       		.byte	0
 413 0021 0B       		.uleb128 0xb
 414 0022 0B       		.uleb128 0xb
 415 0023 3E       		.uleb128 0x3e
 416 0024 0B       		.uleb128 0xb
 417 0025 03       		.uleb128 0x3
 418 0026 0E       		.uleb128 0xe
 419 0027 00       		.byte	0
 420 0028 00       		.byte	0
 421 0029 04       		.uleb128 0x4
 422 002a 16       		.uleb128 0x16
 423 002b 00       		.byte	0
 424 002c 03       		.uleb128 0x3
 425 002d 0E       		.uleb128 0xe
 426 002e 3A       		.uleb128 0x3a
 427 002f 0B       		.uleb128 0xb
 428 0030 3B       		.uleb128 0x3b
 429 0031 05       		.uleb128 0x5
 430 0032 49       		.uleb128 0x49
 431 0033 13       		.uleb128 0x13
 432 0034 00       		.byte	0
 433 0035 00       		.byte	0
 434 0036 05       		.uleb128 0x5
 435 0037 35       		.uleb128 0x35
 436 0038 00       		.byte	0
 437 0039 49       		.uleb128 0x49
 438 003a 13       		.uleb128 0x13
 439 003b 00       		.byte	0
 440 003c 00       		.byte	0
 441 003d 06       		.uleb128 0x6
 442 003e 2E       		.uleb128 0x2e
 443 003f 00       		.byte	0
 444 0040 03       		.uleb128 0x3
 445 0041 0E       		.uleb128 0xe
 446 0042 3A       		.uleb128 0x3a
 447 0043 0B       		.uleb128 0xb
 448 0044 3B       		.uleb128 0x3b
 449 0045 0B       		.uleb128 0xb
 450 0046 27       		.uleb128 0x27
 451 0047 19       		.uleb128 0x19
 452 0048 11       		.uleb128 0x11
 453 0049 01       		.uleb128 0x1
 454 004a 12       		.uleb128 0x12
 455 004b 06       		.uleb128 0x6
 456 004c 40       		.uleb128 0x40
 457 004d 18       		.uleb128 0x18
 458 004e 9742     		.uleb128 0x2117
 459 0050 19       		.uleb128 0x19
ARM GAS  C:\Users\GCRIST~1\AppData\Local\Temp\ccgnJa7a.s 			page 14


 460 0051 00       		.byte	0
 461 0052 00       		.byte	0
 462 0053 07       		.uleb128 0x7
 463 0054 2E       		.uleb128 0x2e
 464 0055 01       		.byte	0x1
 465 0056 03       		.uleb128 0x3
 466 0057 0E       		.uleb128 0xe
 467 0058 3A       		.uleb128 0x3a
 468 0059 0B       		.uleb128 0xb
 469 005a 3B       		.uleb128 0x3b
 470 005b 0B       		.uleb128 0xb
 471 005c 27       		.uleb128 0x27
 472 005d 19       		.uleb128 0x19
 473 005e 11       		.uleb128 0x11
 474 005f 01       		.uleb128 0x1
 475 0060 12       		.uleb128 0x12
 476 0061 06       		.uleb128 0x6
 477 0062 40       		.uleb128 0x40
 478 0063 18       		.uleb128 0x18
 479 0064 9742     		.uleb128 0x2117
 480 0066 19       		.uleb128 0x19
 481 0067 01       		.uleb128 0x1
 482 0068 13       		.uleb128 0x13
 483 0069 00       		.byte	0
 484 006a 00       		.byte	0
 485 006b 08       		.uleb128 0x8
 486 006c 898201   		.uleb128 0x4109
 487 006f 01       		.byte	0x1
 488 0070 11       		.uleb128 0x11
 489 0071 01       		.uleb128 0x1
 490 0072 31       		.uleb128 0x31
 491 0073 13       		.uleb128 0x13
 492 0074 01       		.uleb128 0x1
 493 0075 13       		.uleb128 0x13
 494 0076 00       		.byte	0
 495 0077 00       		.byte	0
 496 0078 09       		.uleb128 0x9
 497 0079 8A8201   		.uleb128 0x410a
 498 007c 00       		.byte	0
 499 007d 02       		.uleb128 0x2
 500 007e 18       		.uleb128 0x18
 501 007f 9142     		.uleb128 0x2111
 502 0081 18       		.uleb128 0x18
 503 0082 00       		.byte	0
 504 0083 00       		.byte	0
 505 0084 0A       		.uleb128 0xa
 506 0085 898201   		.uleb128 0x4109
 507 0088 01       		.byte	0x1
 508 0089 11       		.uleb128 0x11
 509 008a 01       		.uleb128 0x1
 510 008b 31       		.uleb128 0x31
 511 008c 13       		.uleb128 0x13
 512 008d 00       		.byte	0
 513 008e 00       		.byte	0
 514 008f 0B       		.uleb128 0xb
 515 0090 2E       		.uleb128 0x2e
 516 0091 01       		.byte	0x1
ARM GAS  C:\Users\GCRIST~1\AppData\Local\Temp\ccgnJa7a.s 			page 15


 517 0092 3F       		.uleb128 0x3f
 518 0093 19       		.uleb128 0x19
 519 0094 03       		.uleb128 0x3
 520 0095 0E       		.uleb128 0xe
 521 0096 3A       		.uleb128 0x3a
 522 0097 0B       		.uleb128 0xb
 523 0098 3B       		.uleb128 0x3b
 524 0099 0B       		.uleb128 0xb
 525 009a 27       		.uleb128 0x27
 526 009b 19       		.uleb128 0x19
 527 009c 11       		.uleb128 0x11
 528 009d 01       		.uleb128 0x1
 529 009e 12       		.uleb128 0x12
 530 009f 06       		.uleb128 0x6
 531 00a0 40       		.uleb128 0x40
 532 00a1 18       		.uleb128 0x18
 533 00a2 9742     		.uleb128 0x2117
 534 00a4 19       		.uleb128 0x19
 535 00a5 01       		.uleb128 0x1
 536 00a6 13       		.uleb128 0x13
 537 00a7 00       		.byte	0
 538 00a8 00       		.byte	0
 539 00a9 0C       		.uleb128 0xc
 540 00aa 898201   		.uleb128 0x4109
 541 00ad 00       		.byte	0
 542 00ae 11       		.uleb128 0x11
 543 00af 01       		.uleb128 0x1
 544 00b0 31       		.uleb128 0x31
 545 00b1 13       		.uleb128 0x13
 546 00b2 00       		.byte	0
 547 00b3 00       		.byte	0
 548 00b4 0D       		.uleb128 0xd
 549 00b5 2E       		.uleb128 0x2e
 550 00b6 00       		.byte	0
 551 00b7 3F       		.uleb128 0x3f
 552 00b8 19       		.uleb128 0x19
 553 00b9 3C       		.uleb128 0x3c
 554 00ba 19       		.uleb128 0x19
 555 00bb 6E       		.uleb128 0x6e
 556 00bc 0E       		.uleb128 0xe
 557 00bd 03       		.uleb128 0x3
 558 00be 0E       		.uleb128 0xe
 559 00bf 3A       		.uleb128 0x3a
 560 00c0 0B       		.uleb128 0xb
 561 00c1 3B       		.uleb128 0x3b
 562 00c2 0B       		.uleb128 0xb
 563 00c3 00       		.byte	0
 564 00c4 00       		.byte	0
 565 00c5 00       		.byte	0
 566              		.section	.debug_aranges,"",%progbits
 567 0000 2C000000 		.4byte	0x2c
 568 0004 0200     		.2byte	0x2
 569 0006 00000000 		.4byte	.Ldebug_info0
 570 000a 04       		.byte	0x4
 571 000b 00       		.byte	0
 572 000c 0000     		.2byte	0
 573 000e 0000     		.2byte	0
ARM GAS  C:\Users\GCRIST~1\AppData\Local\Temp\ccgnJa7a.s 			page 16


 574 0010 00000000 		.4byte	.LFB5
 575 0014 18000000 		.4byte	.LFE5-.LFB5
 576 0018 00000000 		.4byte	.LFB4
 577 001c 64000000 		.4byte	.LFE4-.LFB4
 578 0020 64000000 		.4byte	.LFB6
 579 0024 48000000 		.4byte	.LFE6-.LFB6
 580 0028 00000000 		.4byte	0
 581 002c 00000000 		.4byte	0
 582              		.section	.debug_ranges,"",%progbits
 583              	.Ldebug_ranges0:
 584 0000 00000000 		.4byte	.LFB5
 585 0004 18000000 		.4byte	.LFE5
 586 0008 00000000 		.4byte	.LFB4
 587 000c 64000000 		.4byte	.LFE4
 588 0010 64000000 		.4byte	.LFB6
 589 0014 AC000000 		.4byte	.LFE6
 590 0018 00000000 		.4byte	0
 591 001c 00000000 		.4byte	0
 592              		.section	.debug_line,"",%progbits
 593              	.Ldebug_line0:
 594 0000 A2000000 		.section	.debug_str,"MS",%progbits,1
 594      02006100 
 594      00000201 
 594      FB0E0D00 
 594      01010101 
 595              	.LASF1:
 596 0000 6C6F6E67 		.ascii	"long long int\000"
 596      206C6F6E 
 596      6720696E 
 596      7400
 597              	.LASF14:
 598 000e 75696E74 		.ascii	"uint32\000"
 598      333200
 599              	.LASF21:
 600 0015 47656E65 		.ascii	"Generated_Source\\PSoC4\\cyfitter_cfg.c\000"
 600      72617465 
 600      645F536F 
 600      75726365 
 600      5C50536F 
 601              	.LASF0:
 602 003b 756E7369 		.ascii	"unsigned int\000"
 602      676E6564 
 602      20696E74 
 602      00
 603              	.LASF4:
 604 0048 756E7369 		.ascii	"unsigned char\000"
 604      676E6564 
 604      20636861 
 604      7200
 605              	.LASF16:
 606 0056 43795379 		.ascii	"CySysClkWriteImoFreq\000"
 606      73436C6B 
 606      57726974 
 606      65496D6F 
 606      46726571 
 607              	.LASF8:
 608 006b 6C6F6E67 		.ascii	"long unsigned int\000"
ARM GAS  C:\Users\GCRIST~1\AppData\Local\Temp\ccgnJa7a.s 			page 17


 608      20756E73 
 608      69676E65 
 608      6420696E 
 608      7400
 609              	.LASF25:
 610 007d 63796669 		.ascii	"cyfitter_cfg\000"
 610      74746572 
 610      5F636667 
 610      00
 611              	.LASF9:
 612 008a 6C6F6E67 		.ascii	"long long unsigned int\000"
 612      206C6F6E 
 612      6720756E 
 612      7369676E 
 612      65642069 
 613              	.LASF12:
 614 00a1 666C6F61 		.ascii	"float\000"
 614      7400
 615              	.LASF22:
 616 00a7 433A5C55 		.ascii	"C:\\Users\\gcristini\\OneDrive - Datalogic S.p.a\\D"
 616      73657273 
 616      5C676372 
 616      69737469 
 616      6E695C4F 
 617 00d6 6F63756D 		.ascii	"ocuments\\PSoC Creator\\Workspace01\\SerialTemperat"
 617      656E7473 
 617      5C50536F 
 617      43204372 
 617      6561746F 
 618 0106 75726553 		.ascii	"ureSensor.cydsn\000"
 618      656E736F 
 618      722E6379 
 618      64736E00 
 619              	.LASF17:
 620 0116 4379496E 		.ascii	"CyIntSetVector\000"
 620      74536574 
 620      56656374 
 620      6F7200
 621              	.LASF11:
 622 0125 63686172 		.ascii	"char\000"
 622      00
 623              	.LASF7:
 624 012a 6C6F6E67 		.ascii	"long int\000"
 624      20696E74 
 624      00
 625              	.LASF23:
 626 0133 416E616C 		.ascii	"AnalogSetDefault\000"
 626      6F675365 
 626      74446566 
 626      61756C74 
 626      00
 627              	.LASF24:
 628 0144 436C6F63 		.ascii	"ClockSetup\000"
 628      6B536574 
 628      757000
 629              	.LASF19:
 630 014f 43795379 		.ascii	"CySysClkSetTimerSource\000"
ARM GAS  C:\Users\GCRIST~1\AppData\Local\Temp\ccgnJa7a.s 			page 18


 630      73436C6B 
 630      53657454 
 630      696D6572 
 630      536F7572 
 631              	.LASF13:
 632 0166 646F7562 		.ascii	"double\000"
 632      6C6500
 633              	.LASF15:
 634 016d 72656733 		.ascii	"reg32\000"
 634      3200
 635              	.LASF6:
 636 0173 73686F72 		.ascii	"short unsigned int\000"
 636      7420756E 
 636      7369676E 
 636      65642069 
 636      6E7400
 637              	.LASF3:
 638 0186 7369676E 		.ascii	"signed char\000"
 638      65642063 
 638      68617200 
 639              	.LASF18:
 640 0192 4379496E 		.ascii	"CyIntEnable\000"
 640      74456E61 
 640      626C6500 
 641              	.LASF2:
 642 019e 6C6F6E67 		.ascii	"long double\000"
 642      20646F75 
 642      626C6500 
 643              	.LASF5:
 644 01aa 73686F72 		.ascii	"short int\000"
 644      7420696E 
 644      7400
 645              	.LASF20:
 646 01b4 474E5520 		.ascii	"GNU C11 5.4.1 20160609 (release) [ARM/embedded-5-br"
 646      43313120 
 646      352E342E 
 646      31203230 
 646      31363036 
 647 01e7 616E6368 		.ascii	"anch revision 237715] -mcpu=cortex-m0plus -mthumb -"
 647      20726576 
 647      6973696F 
 647      6E203233 
 647      37373135 
 648 021a 67202D4F 		.ascii	"g -Og -ffunction-sections -ffat-lto-objects\000"
 648      67202D66 
 648      66756E63 
 648      74696F6E 
 648      2D736563 
 649              	.LASF10:
 650 0246 73697A65 		.ascii	"sizetype\000"
 650      74797065 
 650      00
 651              		.ident	"GCC: (GNU Tools for ARM Embedded Processors) 5.4.1 20160609 (release) [ARM/embedded-5-bran
