ARM GAS  C:\Users\GCRIST~1\AppData\Local\Temp\ccwqLU3s.s 			page 1


   1              		.syntax unified
   2              		.cpu cortex-m0plus
   3              		.fpu softvfp
   4              		.eabi_attribute 20, 1
   5              		.eabi_attribute 21, 1
   6              		.eabi_attribute 23, 3
   7              		.eabi_attribute 24, 1
   8              		.eabi_attribute 25, 1
   9              		.eabi_attribute 26, 1
  10              		.eabi_attribute 30, 1
  11              		.eabi_attribute 34, 0
  12              		.eabi_attribute 18, 4
  13              		.thumb
  14              		.syntax unified
  15              		.file	"main.c"
  16              		.text
  17              	.Ltext0:
  18              		.cfi_sections	.debug_frame
  19              		.section	.text.init,"ax",%progbits
  20              		.align	2
  21              		.global	init
  22              		.code	16
  23              		.thumb_func
  24              		.type	init, %function
  25              	init:
  26              	.LFB35:
  27              		.file 1 "main.c"
   1:main.c        **** /* ========================================
   2:main.c        ****  *
   3:main.c        ****  * Copyright YOUR COMPANY, THE YEAR
   4:main.c        ****  * All Rights Reserved
   5:main.c        ****  * UNPUBLISHED, LICENSED SOFTWARE.
   6:main.c        ****  *
   7:main.c        ****  * CONFIDENTIAL AND PROPRIETARY INFORMATION
   8:main.c        ****  * WHICH IS THE PROPERTY OF your company.
   9:main.c        ****  *
  10:main.c        ****  * ========================================
  11:main.c        **** */
  12:main.c        **** #include "project.h"
  13:main.c        **** #include <unistd.h>
  14:main.c        **** #include <stdio.h>
  15:main.c        **** #define BUFFER_SIZE 100u
  16:main.c        **** 
  17:main.c        **** void init(void);
  18:main.c        **** void pollUart(void);
  19:main.c        **** 
  20:main.c        **** 
  21:main.c        **** uint8 ch;
  22:main.c        **** uint8 rxData[BUFFER_SIZE];
  23:main.c        **** uint8 rxDataIndex = 0u;
  24:main.c        **** uint8 *command;
  25:main.c        **** //int32 temp = 0u;
  26:main.c        **** 
  27:main.c        **** int main(void)
  28:main.c        **** {
  29:main.c        ****     
  30:main.c        ****     /* Initialization */
ARM GAS  C:\Users\GCRIST~1\AppData\Local\Temp\ccwqLU3s.s 			page 2


  31:main.c        ****     init();
  32:main.c        ****     
  33:main.c        ****     /* Transmit String through UART TX Line */
  34:main.c        ****     UART_PC_UartPutString("CY8CKIT-041 USB-UART");
  35:main.c        ****     
  36:main.c        ****     for (;;)
  37:main.c        ****     {
  38:main.c        ****            
  39:main.c        ****        pollUart();
  40:main.c        ****     }
  41:main.c        **** }
  42:main.c        **** 
  43:main.c        **** 
  44:main.c        **** void init (void)
  45:main.c        **** {
  28              		.loc 1 45 0
  29              		.cfi_startproc
  30              		@ args = 0, pretend = 0, frame = 0
  31              		@ frame_needed = 0, uses_anonymous_args = 0
  32 0000 10B5     		push	{r4, lr}
  33              		.cfi_def_cfa_offset 8
  34              		.cfi_offset 4, -8
  35              		.cfi_offset 14, -4
  46:main.c        ****     
  47:main.c        ****     /* Init UART */
  48:main.c        ****     UART_PC_Start();
  36              		.loc 1 48 0
  37 0002 FFF7FEFF 		bl	UART_PC_Start
  38              	.LVL0:
  49:main.c        ****     
  50:main.c        ****     PGA_Start();
  39              		.loc 1 50 0
  40 0006 FFF7FEFF 		bl	PGA_Start
  41              	.LVL1:
  51:main.c        ****     
  52:main.c        ****     ADC_Temp_Start();
  42              		.loc 1 52 0
  43 000a FFF7FEFF 		bl	ADC_Temp_Start
  44              	.LVL2:
  53:main.c        ****     ADC_Temp_StartConvert();
  45              		.loc 1 53 0
  46 000e FFF7FEFF 		bl	ADC_Temp_StartConvert
  47              	.LVL3:
  54:main.c        ****     
  55:main.c        **** }
  48              		.loc 1 55 0
  49              		@ sp needed
  50 0012 10BD     		pop	{r4, pc}
  51              		.cfi_endproc
  52              	.LFE35:
  53              		.size	init, .-init
  54              		.section	.text.pollUart,"ax",%progbits
  55              		.align	2
  56              		.global	pollUart
  57              		.code	16
  58              		.thumb_func
  59              		.type	pollUart, %function
ARM GAS  C:\Users\GCRIST~1\AppData\Local\Temp\ccwqLU3s.s 			page 3


  60              	pollUart:
  61              	.LFB36:
  56:main.c        **** 
  57:main.c        **** void pollUart(void)
  58:main.c        **** {
  62              		.loc 1 58 0
  63              		.cfi_startproc
  64              		@ args = 0, pretend = 0, frame = 16
  65              		@ frame_needed = 0, uses_anonymous_args = 0
  66 0000 10B5     		push	{r4, lr}
  67              		.cfi_def_cfa_offset 8
  68              		.cfi_offset 4, -8
  69              		.cfi_offset 14, -4
  70 0002 84B0     		sub	sp, sp, #16
  71              		.cfi_def_cfa_offset 24
  72              	.LVL4:
  59:main.c        ****     int temp = 0;
  60:main.c        ****     int voltage = 0;
  61:main.c        ****     char str[12];
  62:main.c        ****      /* Get received character or zero if nothing has been received yet */
  63:main.c        ****         ch = UART_PC_UartGetChar();
  73              		.loc 1 63 0
  74 0004 FFF7FEFF 		bl	UART_PC_UartGetChar
  75              	.LVL5:
  76 0008 C0B2     		uxtb	r0, r0
  77 000a 1A4B     		ldr	r3, .L7
  78 000c 1870     		strb	r0, [r3]
  64:main.c        ****         if (0u != ch)
  79              		.loc 1 64 0
  80 000e 0028     		cmp	r0, #0
  81 0010 2DD0     		beq	.L2
  65:main.c        ****         {
  66:main.c        ****                         
  67:main.c        ****             /* Store the last received char */
  68:main.c        ****             rxData[rxDataIndex] = ch;
  82              		.loc 1 68 0
  83 0012 194B     		ldr	r3, .L7+4
  84 0014 1B78     		ldrb	r3, [r3]
  85 0016 194A     		ldr	r2, .L7+8
  86 0018 D054     		strb	r0, [r2, r3]
  69:main.c        ****                         
  70:main.c        ****             if (ch == '\r')
  87              		.loc 1 70 0
  88 001a 0D28     		cmp	r0, #13
  89 001c 23D1     		bne	.L4
  71:main.c        ****             {  
  72:main.c        ****                 /* Insert the string terminator character */
  73:main.c        ****                rxData[rxDataIndex] = '\0'; 
  90              		.loc 1 73 0
  91 001e 1000     		movs	r0, r2
  92 0020 0024     		movs	r4, #0
  93 0022 D454     		strb	r4, [r2, r3]
  74:main.c        **** 
  75:main.c        ****                /* Point to buffer */
  76:main.c        ****                command = rxData;
  94              		.loc 1 76 0
  95 0024 164B     		ldr	r3, .L7+12
ARM GAS  C:\Users\GCRIST~1\AppData\Local\Temp\ccwqLU3s.s 			page 4


  96 0026 1A60     		str	r2, [r3]
  77:main.c        ****                UART_PC_UartPutString((const char*) command);
  97              		.loc 1 77 0
  98 0028 FFF7FEFF 		bl	UART_PC_UartPutString
  99              	.LVL6:
  78:main.c        ****                 
  79:main.c        ****               voltage=ADC_Temp_GetResult32(0);
 100              		.loc 1 79 0
 101 002c 0020     		movs	r0, #0
 102 002e FFF7FEFF 		bl	ADC_Temp_GetResult32
 103              	.LVL7:
  80:main.c        ****               temp=Thermocouple_1_GetTemperature(voltage);
 104              		.loc 1 80 0
 105 0032 FFF7FEFF 		bl	Thermocouple_1_GetTemperature
 106              	.LVL8:
 107 0036 0200     		movs	r2, r0
 108              	.LVL9:
  81:main.c        ****               sprintf(str, "%d", (int)temp);
 109              		.loc 1 81 0
 110 0038 1249     		ldr	r1, .L7+16
 111 003a 01A8     		add	r0, sp, #4
 112              	.LVL10:
 113 003c FFF7FEFF 		bl	sprintf
 114              	.LVL11:
  82:main.c        ****             
  83:main.c        ****             
  84:main.c        ****               UART_PC_UartPutString(str);
 115              		.loc 1 84 0
 116 0040 01A8     		add	r0, sp, #4
 117 0042 FFF7FEFF 		bl	UART_PC_UartPutString
 118              	.LVL12:
  85:main.c        ****             
  86:main.c        ****             
  87:main.c        ****                 /* Clear buffer and index */
  88:main.c        ****                 for (rxDataIndex=0; rxDataIndex < BUFFER_SIZE; rxDataIndex++)
 119              		.loc 1 88 0
 120 0046 0C4B     		ldr	r3, .L7+4
 121 0048 1C70     		strb	r4, [r3]
 122 004a 05E0     		b	.L5
 123              	.L6:
  89:main.c        ****                 {
  90:main.c        ****                     rxData[rxDataIndex] = 0u;
 124              		.loc 1 90 0 discriminator 3
 125 004c 0021     		movs	r1, #0
 126 004e 0B4A     		ldr	r2, .L7+8
 127 0050 D154     		strb	r1, [r2, r3]
  88:main.c        ****                 {
 128              		.loc 1 88 0 discriminator 3
 129 0052 0133     		adds	r3, r3, #1
 130 0054 084A     		ldr	r2, .L7+4
 131 0056 1370     		strb	r3, [r2]
 132              	.L5:
  88:main.c        ****                 {
 133              		.loc 1 88 0 is_stmt 0 discriminator 1
 134 0058 074B     		ldr	r3, .L7+4
 135 005a 1B78     		ldrb	r3, [r3]
 136 005c 632B     		cmp	r3, #99
ARM GAS  C:\Users\GCRIST~1\AppData\Local\Temp\ccwqLU3s.s 			page 5


 137 005e F5D9     		bls	.L6
  91:main.c        ****                 }               
  92:main.c        ****                 
  93:main.c        ****                 rxDataIndex = -1;
 138              		.loc 1 93 0 is_stmt 1
 139 0060 FF22     		movs	r2, #255
 140 0062 054B     		ldr	r3, .L7+4
 141 0064 1A70     		strb	r2, [r3]
 142              	.L4:
  94:main.c        ****                                 
  95:main.c        ****             }
  96:main.c        ****             
  97:main.c        ****             rxDataIndex++;
 143              		.loc 1 97 0
 144 0066 044A     		ldr	r2, .L7+4
 145 0068 1378     		ldrb	r3, [r2]
 146 006a 0133     		adds	r3, r3, #1
 147 006c 1370     		strb	r3, [r2]
 148              	.L2:
  98:main.c        ****             
  99:main.c        ****         }
 100:main.c        **** }
 149              		.loc 1 100 0
 150 006e 04B0     		add	sp, sp, #16
 151              		@ sp needed
 152 0070 10BD     		pop	{r4, pc}
 153              	.L8:
 154 0072 C046     		.align	2
 155              	.L7:
 156 0074 00000000 		.word	ch
 157 0078 00000000 		.word	.LANCHOR0
 158 007c 00000000 		.word	rxData
 159 0080 00000000 		.word	command
 160 0084 00000000 		.word	.LC4
 161              		.cfi_endproc
 162              	.LFE36:
 163              		.size	pollUart, .-pollUart
 164              		.section	.text.main,"ax",%progbits
 165              		.align	2
 166              		.global	main
 167              		.code	16
 168              		.thumb_func
 169              		.type	main, %function
 170              	main:
 171              	.LFB34:
  28:main.c        ****     
 172              		.loc 1 28 0
 173              		.cfi_startproc
 174              		@ Volatile: function does not return.
 175              		@ args = 0, pretend = 0, frame = 0
 176              		@ frame_needed = 0, uses_anonymous_args = 0
 177 0000 10B5     		push	{r4, lr}
 178              		.cfi_def_cfa_offset 8
 179              		.cfi_offset 4, -8
 180              		.cfi_offset 14, -4
  31:main.c        ****     
 181              		.loc 1 31 0
ARM GAS  C:\Users\GCRIST~1\AppData\Local\Temp\ccwqLU3s.s 			page 6


 182 0002 FFF7FEFF 		bl	init
 183              	.LVL13:
  34:main.c        ****     
 184              		.loc 1 34 0
 185 0006 0348     		ldr	r0, .L11
 186 0008 FFF7FEFF 		bl	UART_PC_UartPutString
 187              	.LVL14:
 188              	.L10:
  39:main.c        ****     }
 189              		.loc 1 39 0 discriminator 1
 190 000c FFF7FEFF 		bl	pollUart
 191              	.LVL15:
 192 0010 FCE7     		b	.L10
 193              	.L12:
 194 0012 C046     		.align	2
 195              	.L11:
 196 0014 04000000 		.word	.LC6
 197              		.cfi_endproc
 198              	.LFE34:
 199              		.size	main, .-main
 200              		.section	.text.getTemp,"ax",%progbits
 201              		.align	2
 202              		.global	getTemp
 203              		.code	16
 204              		.thumb_func
 205              		.type	getTemp, %function
 206              	getTemp:
 207              	.LFB37:
 101:main.c        **** 
 102:main.c        **** void getTemp(void)
 103:main.c        **** {
 208              		.loc 1 103 0
 209              		.cfi_startproc
 210              		@ args = 0, pretend = 0, frame = 0
 211              		@ frame_needed = 0, uses_anonymous_args = 0
 212              		@ link register save eliminated.
 104:main.c        ****     
 105:main.c        **** }
 213              		.loc 1 105 0
 214              		@ sp needed
 215 0000 7047     		bx	lr
 216              		.cfi_endproc
 217              	.LFE37:
 218              		.size	getTemp, .-getTemp
 219              		.comm	command,4,4
 220              		.global	rxDataIndex
 221              		.comm	rxData,100,4
 222              		.comm	ch,1,1
 223 0002 C046     		.section	.rodata.str1.4,"aMS",%progbits,1
 224              		.align	2
 225              	.LC4:
 226 0000 256400   		.ascii	"%d\000"
 227 0003 00       		.space	1
 228              	.LC6:
 229 0004 43593843 		.ascii	"CY8CKIT-041 USB-UART\000"
 229      4B49542D 
 229      30343120 
ARM GAS  C:\Users\GCRIST~1\AppData\Local\Temp\ccwqLU3s.s 			page 7


 229      5553422D 
 229      55415254 
 230              		.bss
 231              		.set	.LANCHOR0,. + 0
 232              		.type	rxDataIndex, %object
 233              		.size	rxDataIndex, 1
 234              	rxDataIndex:
 235 0000 00       		.space	1
 236              		.text
 237              	.Letext0:
 238              		.file 2 "Generated_Source\\PSoC4/cytypes.h"
 239              		.file 3 "Generated_Source\\PSoC4/UART_PC.h"
 240              		.file 4 "Generated_Source\\PSoC4/PGA.h"
 241              		.file 5 "Generated_Source\\PSoC4/ADC_Temp.h"
 242              		.file 6 "Generated_Source\\PSoC4/UART_PC_SPI_UART.h"
 243              		.file 7 "Generated_Source\\PSoC4/Thermocouple_1.h"
 244              		.file 8 "c:\\program files (x86)\\cypress\\psoc creator\\4.3\\psoc creator\\import\\gnu\\arm\\5.4.
 245              		.section	.debug_info,"",%progbits
 246              	.Ldebug_info0:
 247 0000 AB020000 		.4byte	0x2ab
 248 0004 0400     		.2byte	0x4
 249 0006 00000000 		.4byte	.Ldebug_abbrev0
 250 000a 04       		.byte	0x4
 251 000b 01       		.uleb128 0x1
 252 000c 16020000 		.4byte	.LASF32
 253 0010 0C       		.byte	0xc
 254 0011 DF010000 		.4byte	.LASF33
 255 0015 00000000 		.4byte	.LASF34
 256 0019 00000000 		.4byte	.Ldebug_ranges0+0
 257 001d 00000000 		.4byte	0
 258 0021 00000000 		.4byte	.Ldebug_line0
 259 0025 02       		.uleb128 0x2
 260 0026 01       		.byte	0x1
 261 0027 06       		.byte	0x6
 262 0028 A8020000 		.4byte	.LASF0
 263 002c 02       		.uleb128 0x2
 264 002d 01       		.byte	0x1
 265 002e 08       		.byte	0x8
 266 002f DA000000 		.4byte	.LASF1
 267 0033 02       		.uleb128 0x2
 268 0034 02       		.byte	0x2
 269 0035 05       		.byte	0x5
 270 0036 EB010000 		.4byte	.LASF2
 271 003a 02       		.uleb128 0x2
 272 003b 02       		.byte	0x2
 273 003c 07       		.byte	0x7
 274 003d FF000000 		.4byte	.LASF3
 275 0041 02       		.uleb128 0x2
 276 0042 04       		.byte	0x4
 277 0043 05       		.byte	0x5
 278 0044 03020000 		.4byte	.LASF4
 279 0048 02       		.uleb128 0x2
 280 0049 04       		.byte	0x4
 281 004a 07       		.byte	0x7
 282 004b E8000000 		.4byte	.LASF5
 283 004f 02       		.uleb128 0x2
 284 0050 08       		.byte	0x8
ARM GAS  C:\Users\GCRIST~1\AppData\Local\Temp\ccwqLU3s.s 			page 8


 285 0051 05       		.byte	0x5
 286 0052 C9010000 		.4byte	.LASF6
 287 0056 02       		.uleb128 0x2
 288 0057 08       		.byte	0x8
 289 0058 07       		.byte	0x7
 290 0059 9D010000 		.4byte	.LASF7
 291 005d 03       		.uleb128 0x3
 292 005e 04       		.byte	0x4
 293 005f 05       		.byte	0x5
 294 0060 696E7400 		.ascii	"int\000"
 295 0064 02       		.uleb128 0x2
 296 0065 04       		.byte	0x4
 297 0066 07       		.byte	0x7
 298 0067 81010000 		.4byte	.LASF8
 299 006b 04       		.uleb128 0x4
 300 006c F5010000 		.4byte	.LASF9
 301 0070 02       		.byte	0x2
 302 0071 F701     		.2byte	0x1f7
 303 0073 2C000000 		.4byte	0x2c
 304 0077 04       		.uleb128 0x4
 305 0078 64010000 		.4byte	.LASF10
 306 007c 02       		.byte	0x2
 307 007d F901     		.2byte	0x1f9
 308 007f 48000000 		.4byte	0x48
 309 0083 02       		.uleb128 0x2
 310 0084 04       		.byte	0x4
 311 0085 04       		.byte	0x4
 312 0086 CB000000 		.4byte	.LASF11
 313 008a 02       		.uleb128 0x2
 314 008b 08       		.byte	0x8
 315 008c 04       		.byte	0x4
 316 008d 37010000 		.4byte	.LASF12
 317 0091 02       		.uleb128 0x2
 318 0092 01       		.byte	0x1
 319 0093 08       		.byte	0x8
 320 0094 E6010000 		.4byte	.LASF13
 321 0098 02       		.uleb128 0x2
 322 0099 08       		.byte	0x8
 323 009a 04       		.byte	0x4
 324 009b B4010000 		.4byte	.LASF14
 325 009f 02       		.uleb128 0x2
 326 00a0 04       		.byte	0x4
 327 00a1 07       		.byte	0x7
 328 00a2 C0010000 		.4byte	.LASF15
 329 00a6 05       		.uleb128 0x5
 330 00a7 04       		.byte	0x4
 331 00a8 6B000000 		.4byte	0x6b
 332 00ac 06       		.uleb128 0x6
 333 00ad 9A000000 		.4byte	.LASF16
 334 00b1 01       		.byte	0x1
 335 00b2 2C       		.byte	0x2c
 336 00b3 00000000 		.4byte	.LFB35
 337 00b7 14000000 		.4byte	.LFE35-.LFB35
 338 00bb 01       		.uleb128 0x1
 339 00bc 9C       		.byte	0x9c
 340 00bd E6000000 		.4byte	0xe6
 341 00c1 07       		.uleb128 0x7
ARM GAS  C:\Users\GCRIST~1\AppData\Local\Temp\ccwqLU3s.s 			page 9


 342 00c2 06000000 		.4byte	.LVL0
 343 00c6 49020000 		.4byte	0x249
 344 00ca 07       		.uleb128 0x7
 345 00cb 0A000000 		.4byte	.LVL1
 346 00cf 54020000 		.4byte	0x254
 347 00d3 07       		.uleb128 0x7
 348 00d4 0E000000 		.4byte	.LVL2
 349 00d8 5F020000 		.4byte	0x25f
 350 00dc 07       		.uleb128 0x7
 351 00dd 12000000 		.4byte	.LVL3
 352 00e1 6A020000 		.4byte	0x26a
 353 00e5 00       		.byte	0
 354 00e6 06       		.uleb128 0x6
 355 00e7 D1000000 		.4byte	.LASF17
 356 00eb 01       		.byte	0x1
 357 00ec 39       		.byte	0x39
 358 00ed 00000000 		.4byte	.LFB36
 359 00f1 88000000 		.4byte	.LFE36-.LFB36
 360 00f5 01       		.uleb128 0x1
 361 00f6 9C       		.byte	0x9c
 362 00f7 92010000 		.4byte	0x192
 363 00fb 08       		.uleb128 0x8
 364 00fc FA000000 		.4byte	.LASF18
 365 0100 01       		.byte	0x1
 366 0101 3B       		.byte	0x3b
 367 0102 5D000000 		.4byte	0x5d
 368 0106 00000000 		.4byte	.LLST0
 369 010a 08       		.uleb128 0x8
 370 010b 12010000 		.4byte	.LASF19
 371 010f 01       		.byte	0x1
 372 0110 3C       		.byte	0x3c
 373 0111 5D000000 		.4byte	0x5d
 374 0115 2A000000 		.4byte	.LLST1
 375 0119 09       		.uleb128 0x9
 376 011a 73747200 		.ascii	"str\000"
 377 011e 01       		.byte	0x1
 378 011f 3D       		.byte	0x3d
 379 0120 92010000 		.4byte	0x192
 380 0124 02       		.uleb128 0x2
 381 0125 91       		.byte	0x91
 382 0126 6C       		.sleb128 -20
 383 0127 07       		.uleb128 0x7
 384 0128 08000000 		.4byte	.LVL5
 385 012c 75020000 		.4byte	0x275
 386 0130 0A       		.uleb128 0xa
 387 0131 2C000000 		.4byte	.LVL6
 388 0135 81020000 		.4byte	0x281
 389 0139 47010000 		.4byte	0x147
 390 013d 0B       		.uleb128 0xb
 391 013e 01       		.uleb128 0x1
 392 013f 50       		.byte	0x50
 393 0140 05       		.uleb128 0x5
 394 0141 03       		.byte	0x3
 395 0142 00000000 		.4byte	rxData
 396 0146 00       		.byte	0
 397 0147 0A       		.uleb128 0xa
 398 0148 32000000 		.4byte	.LVL7
ARM GAS  C:\Users\GCRIST~1\AppData\Local\Temp\ccwqLU3s.s 			page 10


 399 014c 8D020000 		.4byte	0x28d
 400 0150 5B010000 		.4byte	0x15b
 401 0154 0B       		.uleb128 0xb
 402 0155 01       		.uleb128 0x1
 403 0156 50       		.byte	0x50
 404 0157 02       		.uleb128 0x2
 405 0158 74       		.byte	0x74
 406 0159 00       		.sleb128 0
 407 015a 00       		.byte	0
 408 015b 07       		.uleb128 0x7
 409 015c 36000000 		.4byte	.LVL8
 410 0160 98020000 		.4byte	0x298
 411 0164 0A       		.uleb128 0xa
 412 0165 40000000 		.4byte	.LVL11
 413 0169 A3020000 		.4byte	0x2a3
 414 016d 81010000 		.4byte	0x181
 415 0171 0B       		.uleb128 0xb
 416 0172 01       		.uleb128 0x1
 417 0173 50       		.byte	0x50
 418 0174 02       		.uleb128 0x2
 419 0175 91       		.byte	0x91
 420 0176 6C       		.sleb128 -20
 421 0177 0B       		.uleb128 0xb
 422 0178 01       		.uleb128 0x1
 423 0179 51       		.byte	0x51
 424 017a 05       		.uleb128 0x5
 425 017b 03       		.byte	0x3
 426 017c 00000000 		.4byte	.LC4
 427 0180 00       		.byte	0
 428 0181 0C       		.uleb128 0xc
 429 0182 46000000 		.4byte	.LVL12
 430 0186 81020000 		.4byte	0x281
 431 018a 0B       		.uleb128 0xb
 432 018b 01       		.uleb128 0x1
 433 018c 50       		.byte	0x50
 434 018d 02       		.uleb128 0x2
 435 018e 91       		.byte	0x91
 436 018f 6C       		.sleb128 -20
 437 0190 00       		.byte	0
 438 0191 00       		.byte	0
 439 0192 0D       		.uleb128 0xd
 440 0193 91000000 		.4byte	0x91
 441 0197 A2010000 		.4byte	0x1a2
 442 019b 0E       		.uleb128 0xe
 443 019c 9F000000 		.4byte	0x9f
 444 01a0 0B       		.byte	0xb
 445 01a1 00       		.byte	0
 446 01a2 0F       		.uleb128 0xf
 447 01a3 3E010000 		.4byte	.LASF35
 448 01a7 01       		.byte	0x1
 449 01a8 1B       		.byte	0x1b
 450 01a9 5D000000 		.4byte	0x5d
 451 01ad 00000000 		.4byte	.LFB34
 452 01b1 18000000 		.4byte	.LFE34-.LFB34
 453 01b5 01       		.uleb128 0x1
 454 01b6 9C       		.byte	0x9c
 455 01b7 E5010000 		.4byte	0x1e5
ARM GAS  C:\Users\GCRIST~1\AppData\Local\Temp\ccwqLU3s.s 			page 11


 456 01bb 07       		.uleb128 0x7
 457 01bc 06000000 		.4byte	.LVL13
 458 01c0 AC000000 		.4byte	0xac
 459 01c4 0A       		.uleb128 0xa
 460 01c5 0C000000 		.4byte	.LVL14
 461 01c9 81020000 		.4byte	0x281
 462 01cd DB010000 		.4byte	0x1db
 463 01d1 0B       		.uleb128 0xb
 464 01d2 01       		.uleb128 0x1
 465 01d3 50       		.byte	0x50
 466 01d4 05       		.uleb128 0x5
 467 01d5 03       		.byte	0x3
 468 01d6 04000000 		.4byte	.LC6
 469 01da 00       		.byte	0
 470 01db 07       		.uleb128 0x7
 471 01dc 10000000 		.4byte	.LVL15
 472 01e0 E6000000 		.4byte	0xe6
 473 01e4 00       		.byte	0
 474 01e5 10       		.uleb128 0x10
 475 01e6 D7010000 		.4byte	.LASF36
 476 01ea 01       		.byte	0x1
 477 01eb 66       		.byte	0x66
 478 01ec 00000000 		.4byte	.LFB37
 479 01f0 02000000 		.4byte	.LFE37-.LFB37
 480 01f4 01       		.uleb128 0x1
 481 01f5 9C       		.byte	0x9c
 482 01f6 11       		.uleb128 0x11
 483 01f7 636800   		.ascii	"ch\000"
 484 01fa 01       		.byte	0x1
 485 01fb 15       		.byte	0x15
 486 01fc 6B000000 		.4byte	0x6b
 487 0200 05       		.uleb128 0x5
 488 0201 03       		.byte	0x3
 489 0202 00000000 		.4byte	ch
 490 0206 0D       		.uleb128 0xd
 491 0207 6B000000 		.4byte	0x6b
 492 020b 16020000 		.4byte	0x216
 493 020f 0E       		.uleb128 0xe
 494 0210 9F000000 		.4byte	0x9f
 495 0214 63       		.byte	0x63
 496 0215 00       		.byte	0
 497 0216 12       		.uleb128 0x12
 498 0217 30010000 		.4byte	.LASF20
 499 021b 01       		.byte	0x1
 500 021c 16       		.byte	0x16
 501 021d 06020000 		.4byte	0x206
 502 0221 05       		.uleb128 0x5
 503 0222 03       		.byte	0x3
 504 0223 00000000 		.4byte	rxData
 505 0227 12       		.uleb128 0x12
 506 0228 58010000 		.4byte	.LASF21
 507 022c 01       		.byte	0x1
 508 022d 17       		.byte	0x17
 509 022e 6B000000 		.4byte	0x6b
 510 0232 05       		.uleb128 0x5
 511 0233 03       		.byte	0x3
 512 0234 00000000 		.4byte	rxDataIndex
ARM GAS  C:\Users\GCRIST~1\AppData\Local\Temp\ccwqLU3s.s 			page 12


 513 0238 12       		.uleb128 0x12
 514 0239 FB010000 		.4byte	.LASF22
 515 023d 01       		.byte	0x1
 516 023e 18       		.byte	0x18
 517 023f A6000000 		.4byte	0xa6
 518 0243 05       		.uleb128 0x5
 519 0244 03       		.byte	0x3
 520 0245 00000000 		.4byte	command
 521 0249 13       		.uleb128 0x13
 522 024a 9F000000 		.4byte	.LASF23
 523 024e 9F000000 		.4byte	.LASF23
 524 0252 03       		.byte	0x3
 525 0253 72       		.byte	0x72
 526 0254 13       		.uleb128 0x13
 527 0255 0C020000 		.4byte	.LASF24
 528 0259 0C020000 		.4byte	.LASF24
 529 025d 04       		.byte	0x4
 530 025e 37       		.byte	0x37
 531 025f 13       		.uleb128 0x13
 532 0260 8E010000 		.4byte	.LASF25
 533 0264 8E010000 		.4byte	.LASF25
 534 0268 05       		.byte	0x5
 535 0269 B1       		.byte	0xb1
 536 026a 13       		.uleb128 0x13
 537 026b 1A010000 		.4byte	.LASF26
 538 026f 1A010000 		.4byte	.LASF26
 539 0273 05       		.byte	0x5
 540 0274 B4       		.byte	0xb4
 541 0275 14       		.uleb128 0x14
 542 0276 86000000 		.4byte	.LASF27
 543 027a 86000000 		.4byte	.LASF27
 544 027e 06       		.byte	0x6
 545 027f 0F03     		.2byte	0x30f
 546 0281 14       		.uleb128 0x14
 547 0282 6B010000 		.4byte	.LASF28
 548 0286 6B010000 		.4byte	.LASF28
 549 028a 06       		.byte	0x6
 550 028b 2A03     		.2byte	0x32a
 551 028d 13       		.uleb128 0x13
 552 028e 43010000 		.4byte	.LASF29
 553 0292 43010000 		.4byte	.LASF29
 554 0296 05       		.byte	0x5
 555 0297 BA       		.byte	0xba
 556 0298 13       		.uleb128 0x13
 557 0299 AD000000 		.4byte	.LASF30
 558 029d AD000000 		.4byte	.LASF30
 559 02a1 07       		.byte	0x7
 560 02a2 62       		.byte	0x62
 561 02a3 13       		.uleb128 0x13
 562 02a4 B4020000 		.4byte	.LASF31
 563 02a8 B4020000 		.4byte	.LASF31
 564 02ac 08       		.byte	0x8
 565 02ad E7       		.byte	0xe7
 566 02ae 00       		.byte	0
 567              		.section	.debug_abbrev,"",%progbits
 568              	.Ldebug_abbrev0:
 569 0000 01       		.uleb128 0x1
ARM GAS  C:\Users\GCRIST~1\AppData\Local\Temp\ccwqLU3s.s 			page 13


 570 0001 11       		.uleb128 0x11
 571 0002 01       		.byte	0x1
 572 0003 25       		.uleb128 0x25
 573 0004 0E       		.uleb128 0xe
 574 0005 13       		.uleb128 0x13
 575 0006 0B       		.uleb128 0xb
 576 0007 03       		.uleb128 0x3
 577 0008 0E       		.uleb128 0xe
 578 0009 1B       		.uleb128 0x1b
 579 000a 0E       		.uleb128 0xe
 580 000b 55       		.uleb128 0x55
 581 000c 17       		.uleb128 0x17
 582 000d 11       		.uleb128 0x11
 583 000e 01       		.uleb128 0x1
 584 000f 10       		.uleb128 0x10
 585 0010 17       		.uleb128 0x17
 586 0011 00       		.byte	0
 587 0012 00       		.byte	0
 588 0013 02       		.uleb128 0x2
 589 0014 24       		.uleb128 0x24
 590 0015 00       		.byte	0
 591 0016 0B       		.uleb128 0xb
 592 0017 0B       		.uleb128 0xb
 593 0018 3E       		.uleb128 0x3e
 594 0019 0B       		.uleb128 0xb
 595 001a 03       		.uleb128 0x3
 596 001b 0E       		.uleb128 0xe
 597 001c 00       		.byte	0
 598 001d 00       		.byte	0
 599 001e 03       		.uleb128 0x3
 600 001f 24       		.uleb128 0x24
 601 0020 00       		.byte	0
 602 0021 0B       		.uleb128 0xb
 603 0022 0B       		.uleb128 0xb
 604 0023 3E       		.uleb128 0x3e
 605 0024 0B       		.uleb128 0xb
 606 0025 03       		.uleb128 0x3
 607 0026 08       		.uleb128 0x8
 608 0027 00       		.byte	0
 609 0028 00       		.byte	0
 610 0029 04       		.uleb128 0x4
 611 002a 16       		.uleb128 0x16
 612 002b 00       		.byte	0
 613 002c 03       		.uleb128 0x3
 614 002d 0E       		.uleb128 0xe
 615 002e 3A       		.uleb128 0x3a
 616 002f 0B       		.uleb128 0xb
 617 0030 3B       		.uleb128 0x3b
 618 0031 05       		.uleb128 0x5
 619 0032 49       		.uleb128 0x49
 620 0033 13       		.uleb128 0x13
 621 0034 00       		.byte	0
 622 0035 00       		.byte	0
 623 0036 05       		.uleb128 0x5
 624 0037 0F       		.uleb128 0xf
 625 0038 00       		.byte	0
 626 0039 0B       		.uleb128 0xb
ARM GAS  C:\Users\GCRIST~1\AppData\Local\Temp\ccwqLU3s.s 			page 14


 627 003a 0B       		.uleb128 0xb
 628 003b 49       		.uleb128 0x49
 629 003c 13       		.uleb128 0x13
 630 003d 00       		.byte	0
 631 003e 00       		.byte	0
 632 003f 06       		.uleb128 0x6
 633 0040 2E       		.uleb128 0x2e
 634 0041 01       		.byte	0x1
 635 0042 3F       		.uleb128 0x3f
 636 0043 19       		.uleb128 0x19
 637 0044 03       		.uleb128 0x3
 638 0045 0E       		.uleb128 0xe
 639 0046 3A       		.uleb128 0x3a
 640 0047 0B       		.uleb128 0xb
 641 0048 3B       		.uleb128 0x3b
 642 0049 0B       		.uleb128 0xb
 643 004a 27       		.uleb128 0x27
 644 004b 19       		.uleb128 0x19
 645 004c 11       		.uleb128 0x11
 646 004d 01       		.uleb128 0x1
 647 004e 12       		.uleb128 0x12
 648 004f 06       		.uleb128 0x6
 649 0050 40       		.uleb128 0x40
 650 0051 18       		.uleb128 0x18
 651 0052 9742     		.uleb128 0x2117
 652 0054 19       		.uleb128 0x19
 653 0055 01       		.uleb128 0x1
 654 0056 13       		.uleb128 0x13
 655 0057 00       		.byte	0
 656 0058 00       		.byte	0
 657 0059 07       		.uleb128 0x7
 658 005a 898201   		.uleb128 0x4109
 659 005d 00       		.byte	0
 660 005e 11       		.uleb128 0x11
 661 005f 01       		.uleb128 0x1
 662 0060 31       		.uleb128 0x31
 663 0061 13       		.uleb128 0x13
 664 0062 00       		.byte	0
 665 0063 00       		.byte	0
 666 0064 08       		.uleb128 0x8
 667 0065 34       		.uleb128 0x34
 668 0066 00       		.byte	0
 669 0067 03       		.uleb128 0x3
 670 0068 0E       		.uleb128 0xe
 671 0069 3A       		.uleb128 0x3a
 672 006a 0B       		.uleb128 0xb
 673 006b 3B       		.uleb128 0x3b
 674 006c 0B       		.uleb128 0xb
 675 006d 49       		.uleb128 0x49
 676 006e 13       		.uleb128 0x13
 677 006f 02       		.uleb128 0x2
 678 0070 17       		.uleb128 0x17
 679 0071 00       		.byte	0
 680 0072 00       		.byte	0
 681 0073 09       		.uleb128 0x9
 682 0074 34       		.uleb128 0x34
 683 0075 00       		.byte	0
ARM GAS  C:\Users\GCRIST~1\AppData\Local\Temp\ccwqLU3s.s 			page 15


 684 0076 03       		.uleb128 0x3
 685 0077 08       		.uleb128 0x8
 686 0078 3A       		.uleb128 0x3a
 687 0079 0B       		.uleb128 0xb
 688 007a 3B       		.uleb128 0x3b
 689 007b 0B       		.uleb128 0xb
 690 007c 49       		.uleb128 0x49
 691 007d 13       		.uleb128 0x13
 692 007e 02       		.uleb128 0x2
 693 007f 18       		.uleb128 0x18
 694 0080 00       		.byte	0
 695 0081 00       		.byte	0
 696 0082 0A       		.uleb128 0xa
 697 0083 898201   		.uleb128 0x4109
 698 0086 01       		.byte	0x1
 699 0087 11       		.uleb128 0x11
 700 0088 01       		.uleb128 0x1
 701 0089 31       		.uleb128 0x31
 702 008a 13       		.uleb128 0x13
 703 008b 01       		.uleb128 0x1
 704 008c 13       		.uleb128 0x13
 705 008d 00       		.byte	0
 706 008e 00       		.byte	0
 707 008f 0B       		.uleb128 0xb
 708 0090 8A8201   		.uleb128 0x410a
 709 0093 00       		.byte	0
 710 0094 02       		.uleb128 0x2
 711 0095 18       		.uleb128 0x18
 712 0096 9142     		.uleb128 0x2111
 713 0098 18       		.uleb128 0x18
 714 0099 00       		.byte	0
 715 009a 00       		.byte	0
 716 009b 0C       		.uleb128 0xc
 717 009c 898201   		.uleb128 0x4109
 718 009f 01       		.byte	0x1
 719 00a0 11       		.uleb128 0x11
 720 00a1 01       		.uleb128 0x1
 721 00a2 31       		.uleb128 0x31
 722 00a3 13       		.uleb128 0x13
 723 00a4 00       		.byte	0
 724 00a5 00       		.byte	0
 725 00a6 0D       		.uleb128 0xd
 726 00a7 01       		.uleb128 0x1
 727 00a8 01       		.byte	0x1
 728 00a9 49       		.uleb128 0x49
 729 00aa 13       		.uleb128 0x13
 730 00ab 01       		.uleb128 0x1
 731 00ac 13       		.uleb128 0x13
 732 00ad 00       		.byte	0
 733 00ae 00       		.byte	0
 734 00af 0E       		.uleb128 0xe
 735 00b0 21       		.uleb128 0x21
 736 00b1 00       		.byte	0
 737 00b2 49       		.uleb128 0x49
 738 00b3 13       		.uleb128 0x13
 739 00b4 2F       		.uleb128 0x2f
 740 00b5 0B       		.uleb128 0xb
ARM GAS  C:\Users\GCRIST~1\AppData\Local\Temp\ccwqLU3s.s 			page 16


 741 00b6 00       		.byte	0
 742 00b7 00       		.byte	0
 743 00b8 0F       		.uleb128 0xf
 744 00b9 2E       		.uleb128 0x2e
 745 00ba 01       		.byte	0x1
 746 00bb 3F       		.uleb128 0x3f
 747 00bc 19       		.uleb128 0x19
 748 00bd 03       		.uleb128 0x3
 749 00be 0E       		.uleb128 0xe
 750 00bf 3A       		.uleb128 0x3a
 751 00c0 0B       		.uleb128 0xb
 752 00c1 3B       		.uleb128 0x3b
 753 00c2 0B       		.uleb128 0xb
 754 00c3 27       		.uleb128 0x27
 755 00c4 19       		.uleb128 0x19
 756 00c5 49       		.uleb128 0x49
 757 00c6 13       		.uleb128 0x13
 758 00c7 8701     		.uleb128 0x87
 759 00c9 19       		.uleb128 0x19
 760 00ca 11       		.uleb128 0x11
 761 00cb 01       		.uleb128 0x1
 762 00cc 12       		.uleb128 0x12
 763 00cd 06       		.uleb128 0x6
 764 00ce 40       		.uleb128 0x40
 765 00cf 18       		.uleb128 0x18
 766 00d0 9742     		.uleb128 0x2117
 767 00d2 19       		.uleb128 0x19
 768 00d3 01       		.uleb128 0x1
 769 00d4 13       		.uleb128 0x13
 770 00d5 00       		.byte	0
 771 00d6 00       		.byte	0
 772 00d7 10       		.uleb128 0x10
 773 00d8 2E       		.uleb128 0x2e
 774 00d9 00       		.byte	0
 775 00da 3F       		.uleb128 0x3f
 776 00db 19       		.uleb128 0x19
 777 00dc 03       		.uleb128 0x3
 778 00dd 0E       		.uleb128 0xe
 779 00de 3A       		.uleb128 0x3a
 780 00df 0B       		.uleb128 0xb
 781 00e0 3B       		.uleb128 0x3b
 782 00e1 0B       		.uleb128 0xb
 783 00e2 27       		.uleb128 0x27
 784 00e3 19       		.uleb128 0x19
 785 00e4 11       		.uleb128 0x11
 786 00e5 01       		.uleb128 0x1
 787 00e6 12       		.uleb128 0x12
 788 00e7 06       		.uleb128 0x6
 789 00e8 40       		.uleb128 0x40
 790 00e9 18       		.uleb128 0x18
 791 00ea 9742     		.uleb128 0x2117
 792 00ec 19       		.uleb128 0x19
 793 00ed 00       		.byte	0
 794 00ee 00       		.byte	0
 795 00ef 11       		.uleb128 0x11
 796 00f0 34       		.uleb128 0x34
 797 00f1 00       		.byte	0
ARM GAS  C:\Users\GCRIST~1\AppData\Local\Temp\ccwqLU3s.s 			page 17


 798 00f2 03       		.uleb128 0x3
 799 00f3 08       		.uleb128 0x8
 800 00f4 3A       		.uleb128 0x3a
 801 00f5 0B       		.uleb128 0xb
 802 00f6 3B       		.uleb128 0x3b
 803 00f7 0B       		.uleb128 0xb
 804 00f8 49       		.uleb128 0x49
 805 00f9 13       		.uleb128 0x13
 806 00fa 3F       		.uleb128 0x3f
 807 00fb 19       		.uleb128 0x19
 808 00fc 02       		.uleb128 0x2
 809 00fd 18       		.uleb128 0x18
 810 00fe 00       		.byte	0
 811 00ff 00       		.byte	0
 812 0100 12       		.uleb128 0x12
 813 0101 34       		.uleb128 0x34
 814 0102 00       		.byte	0
 815 0103 03       		.uleb128 0x3
 816 0104 0E       		.uleb128 0xe
 817 0105 3A       		.uleb128 0x3a
 818 0106 0B       		.uleb128 0xb
 819 0107 3B       		.uleb128 0x3b
 820 0108 0B       		.uleb128 0xb
 821 0109 49       		.uleb128 0x49
 822 010a 13       		.uleb128 0x13
 823 010b 3F       		.uleb128 0x3f
 824 010c 19       		.uleb128 0x19
 825 010d 02       		.uleb128 0x2
 826 010e 18       		.uleb128 0x18
 827 010f 00       		.byte	0
 828 0110 00       		.byte	0
 829 0111 13       		.uleb128 0x13
 830 0112 2E       		.uleb128 0x2e
 831 0113 00       		.byte	0
 832 0114 3F       		.uleb128 0x3f
 833 0115 19       		.uleb128 0x19
 834 0116 3C       		.uleb128 0x3c
 835 0117 19       		.uleb128 0x19
 836 0118 6E       		.uleb128 0x6e
 837 0119 0E       		.uleb128 0xe
 838 011a 03       		.uleb128 0x3
 839 011b 0E       		.uleb128 0xe
 840 011c 3A       		.uleb128 0x3a
 841 011d 0B       		.uleb128 0xb
 842 011e 3B       		.uleb128 0x3b
 843 011f 0B       		.uleb128 0xb
 844 0120 00       		.byte	0
 845 0121 00       		.byte	0
 846 0122 14       		.uleb128 0x14
 847 0123 2E       		.uleb128 0x2e
 848 0124 00       		.byte	0
 849 0125 3F       		.uleb128 0x3f
 850 0126 19       		.uleb128 0x19
 851 0127 3C       		.uleb128 0x3c
 852 0128 19       		.uleb128 0x19
 853 0129 6E       		.uleb128 0x6e
 854 012a 0E       		.uleb128 0xe
ARM GAS  C:\Users\GCRIST~1\AppData\Local\Temp\ccwqLU3s.s 			page 18


 855 012b 03       		.uleb128 0x3
 856 012c 0E       		.uleb128 0xe
 857 012d 3A       		.uleb128 0x3a
 858 012e 0B       		.uleb128 0xb
 859 012f 3B       		.uleb128 0x3b
 860 0130 05       		.uleb128 0x5
 861 0131 00       		.byte	0
 862 0132 00       		.byte	0
 863 0133 00       		.byte	0
 864              		.section	.debug_loc,"",%progbits
 865              	.Ldebug_loc0:
 866              	.LLST0:
 867 0000 04000000 		.4byte	.LVL4
 868 0004 38000000 		.4byte	.LVL9
 869 0008 0200     		.2byte	0x2
 870 000a 30       		.byte	0x30
 871 000b 9F       		.byte	0x9f
 872 000c 38000000 		.4byte	.LVL9
 873 0010 3C000000 		.4byte	.LVL10
 874 0014 0100     		.2byte	0x1
 875 0016 50       		.byte	0x50
 876 0017 3C000000 		.4byte	.LVL10
 877 001b 3F000000 		.4byte	.LVL11-1
 878 001f 0100     		.2byte	0x1
 879 0021 52       		.byte	0x52
 880 0022 00000000 		.4byte	0
 881 0026 00000000 		.4byte	0
 882              	.LLST1:
 883 002a 04000000 		.4byte	.LVL4
 884 002e 32000000 		.4byte	.LVL7
 885 0032 0200     		.2byte	0x2
 886 0034 30       		.byte	0x30
 887 0035 9F       		.byte	0x9f
 888 0036 32000000 		.4byte	.LVL7
 889 003a 35000000 		.4byte	.LVL8-1
 890 003e 0100     		.2byte	0x1
 891 0040 50       		.byte	0x50
 892 0041 00000000 		.4byte	0
 893 0045 00000000 		.4byte	0
 894              		.section	.debug_aranges,"",%progbits
 895 0000 34000000 		.4byte	0x34
 896 0004 0200     		.2byte	0x2
 897 0006 00000000 		.4byte	.Ldebug_info0
 898 000a 04       		.byte	0x4
 899 000b 00       		.byte	0
 900 000c 0000     		.2byte	0
 901 000e 0000     		.2byte	0
 902 0010 00000000 		.4byte	.LFB35
 903 0014 14000000 		.4byte	.LFE35-.LFB35
 904 0018 00000000 		.4byte	.LFB36
 905 001c 88000000 		.4byte	.LFE36-.LFB36
 906 0020 00000000 		.4byte	.LFB34
 907 0024 18000000 		.4byte	.LFE34-.LFB34
 908 0028 00000000 		.4byte	.LFB37
 909 002c 02000000 		.4byte	.LFE37-.LFB37
 910 0030 00000000 		.4byte	0
 911 0034 00000000 		.4byte	0
ARM GAS  C:\Users\GCRIST~1\AppData\Local\Temp\ccwqLU3s.s 			page 19


 912              		.section	.debug_ranges,"",%progbits
 913              	.Ldebug_ranges0:
 914 0000 00000000 		.4byte	.LFB35
 915 0004 14000000 		.4byte	.LFE35
 916 0008 00000000 		.4byte	.LFB36
 917 000c 88000000 		.4byte	.LFE36
 918 0010 00000000 		.4byte	.LFB34
 919 0014 18000000 		.4byte	.LFE34
 920 0018 00000000 		.4byte	.LFB37
 921 001c 02000000 		.4byte	.LFE37
 922 0020 00000000 		.4byte	0
 923 0024 00000000 		.4byte	0
 924              		.section	.debug_line,"",%progbits
 925              	.Ldebug_line0:
 926 0000 72010000 		.section	.debug_str,"MS",%progbits,1
 926      02000201 
 926      00000201 
 926      FB0E0D00 
 926      01010101 
 927              	.LASF34:
 928 0000 433A5C55 		.ascii	"C:\\Users\\gcristini\\OneDrive - Datalogic S.p.a\\D"
 928      73657273 
 928      5C676372 
 928      69737469 
 928      6E695C4F 
 929 002f 6174615C 		.ascii	"ata\\PhytonWorkspace\\SkorpioTemperatureTest\\PSOC-"
 929      50687974 
 929      6F6E576F 
 929      726B7370 
 929      6163655C 
 930 005f 4669726D 		.ascii	"Firmware\\SerialTemperatureSensor.cydsn\000"
 930      77617265 
 930      5C536572 
 930      69616C54 
 930      656D7065 
 931              	.LASF27:
 932 0086 55415254 		.ascii	"UART_PC_UartGetChar\000"
 932      5F50435F 
 932      55617274 
 932      47657443 
 932      68617200 
 933              	.LASF16:
 934 009a 696E6974 		.ascii	"init\000"
 934      00
 935              	.LASF23:
 936 009f 55415254 		.ascii	"UART_PC_Start\000"
 936      5F50435F 
 936      53746172 
 936      7400
 937              	.LASF30:
 938 00ad 54686572 		.ascii	"Thermocouple_1_GetTemperature\000"
 938      6D6F636F 
 938      75706C65 
 938      5F315F47 
 938      65745465 
 939              	.LASF11:
 940 00cb 666C6F61 		.ascii	"float\000"
ARM GAS  C:\Users\GCRIST~1\AppData\Local\Temp\ccwqLU3s.s 			page 20


 940      7400
 941              	.LASF17:
 942 00d1 706F6C6C 		.ascii	"pollUart\000"
 942      55617274 
 942      00
 943              	.LASF1:
 944 00da 756E7369 		.ascii	"unsigned char\000"
 944      676E6564 
 944      20636861 
 944      7200
 945              	.LASF5:
 946 00e8 6C6F6E67 		.ascii	"long unsigned int\000"
 946      20756E73 
 946      69676E65 
 946      6420696E 
 946      7400
 947              	.LASF18:
 948 00fa 74656D70 		.ascii	"temp\000"
 948      00
 949              	.LASF3:
 950 00ff 73686F72 		.ascii	"short unsigned int\000"
 950      7420756E 
 950      7369676E 
 950      65642069 
 950      6E7400
 951              	.LASF19:
 952 0112 766F6C74 		.ascii	"voltage\000"
 952      61676500 
 953              	.LASF26:
 954 011a 4144435F 		.ascii	"ADC_Temp_StartConvert\000"
 954      54656D70 
 954      5F537461 
 954      7274436F 
 954      6E766572 
 955              	.LASF20:
 956 0130 72784461 		.ascii	"rxData\000"
 956      746100
 957              	.LASF12:
 958 0137 646F7562 		.ascii	"double\000"
 958      6C6500
 959              	.LASF35:
 960 013e 6D61696E 		.ascii	"main\000"
 960      00
 961              	.LASF29:
 962 0143 4144435F 		.ascii	"ADC_Temp_GetResult32\000"
 962      54656D70 
 962      5F476574 
 962      52657375 
 962      6C743332 
 963              	.LASF21:
 964 0158 72784461 		.ascii	"rxDataIndex\000"
 964      7461496E 
 964      64657800 
 965              	.LASF10:
 966 0164 75696E74 		.ascii	"uint32\000"
 966      333200
 967              	.LASF28:
ARM GAS  C:\Users\GCRIST~1\AppData\Local\Temp\ccwqLU3s.s 			page 21


 968 016b 55415254 		.ascii	"UART_PC_UartPutString\000"
 968      5F50435F 
 968      55617274 
 968      50757453 
 968      7472696E 
 969              	.LASF8:
 970 0181 756E7369 		.ascii	"unsigned int\000"
 970      676E6564 
 970      20696E74 
 970      00
 971              	.LASF25:
 972 018e 4144435F 		.ascii	"ADC_Temp_Start\000"
 972      54656D70 
 972      5F537461 
 972      727400
 973              	.LASF7:
 974 019d 6C6F6E67 		.ascii	"long long unsigned int\000"
 974      206C6F6E 
 974      6720756E 
 974      7369676E 
 974      65642069 
 975              	.LASF14:
 976 01b4 6C6F6E67 		.ascii	"long double\000"
 976      20646F75 
 976      626C6500 
 977              	.LASF15:
 978 01c0 73697A65 		.ascii	"sizetype\000"
 978      74797065 
 978      00
 979              	.LASF6:
 980 01c9 6C6F6E67 		.ascii	"long long int\000"
 980      206C6F6E 
 980      6720696E 
 980      7400
 981              	.LASF36:
 982 01d7 67657454 		.ascii	"getTemp\000"
 982      656D7000 
 983              	.LASF33:
 984 01df 6D61696E 		.ascii	"main.c\000"
 984      2E6300
 985              	.LASF13:
 986 01e6 63686172 		.ascii	"char\000"
 986      00
 987              	.LASF2:
 988 01eb 73686F72 		.ascii	"short int\000"
 988      7420696E 
 988      7400
 989              	.LASF9:
 990 01f5 75696E74 		.ascii	"uint8\000"
 990      3800
 991              	.LASF22:
 992 01fb 636F6D6D 		.ascii	"command\000"
 992      616E6400 
 993              	.LASF4:
 994 0203 6C6F6E67 		.ascii	"long int\000"
 994      20696E74 
 994      00
ARM GAS  C:\Users\GCRIST~1\AppData\Local\Temp\ccwqLU3s.s 			page 22


 995              	.LASF24:
 996 020c 5047415F 		.ascii	"PGA_Start\000"
 996      53746172 
 996      7400
 997              	.LASF32:
 998 0216 474E5520 		.ascii	"GNU C11 5.4.1 20160609 (release) [ARM/embedded-5-br"
 998      43313120 
 998      352E342E 
 998      31203230 
 998      31363036 
 999 0249 616E6368 		.ascii	"anch revision 237715] -mcpu=cortex-m0plus -mthumb -"
 999      20726576 
 999      6973696F 
 999      6E203233 
 999      37373135 
 1000 027c 67202D4F 		.ascii	"g -Og -ffunction-sections -ffat-lto-objects\000"
 1000      67202D66 
 1000      66756E63 
 1000      74696F6E 
 1000      2D736563 
 1001              	.LASF0:
 1002 02a8 7369676E 		.ascii	"signed char\000"
 1002      65642063 
 1002      68617200 
 1003              	.LASF31:
 1004 02b4 73707269 		.ascii	"sprintf\000"
 1004      6E746600 
 1005              		.ident	"GCC: (GNU Tools for ARM Embedded Processors) 5.4.1 20160609 (release) [ARM/embedded-5-bran
